
======================================================================
  BATCH RUN: 10 trace(s) from traces/fcc-2016-sept
======================================================================


──────────────────────────────────────────────────────────────────────
  [1/10] fcc2016_sept_unit178682_tc.csv
──────────────────────────────────────────────────────────────────────
[TRACE] fcc2016_sept_unit178682_tc.csv
[LLDASH-SHAPER] Triggering tc-trace via /startShaping API...
[LLDASH-SHAPER] tc-trace.py starting in container

======================================================================
  LLDASH Streaming QoE Benchmark (dash.js / BOLA)
======================================================================
  Server: http://localhost:8081/?mpd=http://localhost:8081/manifest.mpd
======================================================================

[TRACE] Loaded 1576 entries with bandwidth
[INFO] Auto-detected video duration 596s → max_duration=626s
[BROWSER] Launching headless Chromium...
[BROWSER] Waiting for playback to start...
   Startup delay: 1938ms

[PLAYBACK] Collecting metrics...
   t=10s | buffer: 2.8s | bitrate: 100 kbps | tp: 6985 kbps | trace_bw: 6985 kbps
   t=20s | buffer: 1.7s | bitrate: 100 kbps | tp: 7008 kbps | trace_bw: 7008 kbps
   t=31s | buffer: 0.7s | bitrate: 100 kbps | tp: 6851 kbps | trace_bw: 6851 kbps
   t=41s | buffer: 0.1s | bitrate: 100 kbps | tp: 7036 kbps | trace_bw: 7036 kbps
   t=51s | buffer: 3.4s | bitrate: 100 kbps | tp: 6999 kbps | trace_bw: 6999 kbps
   t=61s | buffer: 2.3s | bitrate: 100 kbps | tp: 6948 kbps | trace_bw: 6948 kbps
   t=71s | buffer: 1.2s | bitrate: 100 kbps | tp: 6876 kbps | trace_bw: 6876 kbps
   t=82s | buffer: 1.3s | bitrate: 4500 kbps | tp: 6987 kbps | trace_bw: 6987 kbps
   t=92s | buffer: 0.1s | bitrate: 4500 kbps | tp: 7094 kbps | trace_bw: 7094 kbps
   t=103s | buffer: 3.8s | bitrate: 4500 kbps | tp: 6906 kbps | trace_bw: 6906 kbps
   t=113s | buffer: 2.3s | bitrate: 4500 kbps | tp: 6997 kbps | trace_bw: 6997 kbps
   t=123s | buffer: 2.1s | bitrate: 4500 kbps | tp: 7055 kbps | trace_bw: 7055 kbps
   t=134s | buffer: 2.1s | bitrate: 4500 kbps | tp: 6953 kbps | trace_bw: 6953 kbps
   t=144s | buffer: 0.1s | bitrate: 4500 kbps | tp: 4193 kbps | trace_bw: 4193 kbps
   t=154s | buffer: 0.6s | bitrate: 4500 kbps | tp: 6888 kbps | trace_bw: 6888 kbps
   t=165s | buffer: 0.1s | bitrate: 4500 kbps | tp: 7029 kbps | trace_bw: 7029 kbps
   t=175s | buffer: 1.7s | bitrate: 4500 kbps | tp: 7004 kbps | trace_bw: 7004 kbps
   t=185s | buffer: 3.2s | bitrate: 4500 kbps | tp: 7036 kbps | trace_bw: 7036 kbps
   t=196s | buffer: 0.1s | bitrate: 4500 kbps | tp: 6969 kbps | trace_bw: 6969 kbps
   t=206s | buffer: 2.2s | bitrate: 4500 kbps | tp: 2667 kbps | trace_bw: 2667 kbps
   t=216s | buffer: 3.8s | bitrate: 4500 kbps | tp: 6992 kbps | trace_bw: 6992 kbps
   t=227s | buffer: 0.1s | bitrate: 4500 kbps | tp: 6941 kbps | trace_bw: 6941 kbps
   t=237s | buffer: 2.7s | bitrate: 4500 kbps | tp: 6948 kbps | trace_bw: 6948 kbps
   t=247s | buffer: 0.1s | bitrate: 4500 kbps | tp: 6941 kbps | trace_bw: 6941 kbps
   t=257s | buffer: 0.1s | bitrate: 4500 kbps | tp: 6897 kbps | trace_bw: 6897 kbps
   t=268s | buffer: 1.7s | bitrate: 4500 kbps | tp: 7018 kbps | trace_bw: 7018 kbps
   t=278s | buffer: 0.1s | bitrate: 4500 kbps | tp: 7041 kbps | trace_bw: 7041 kbps
   t=288s | buffer: 3.2s | bitrate: 4500 kbps | tp: 6890 kbps | trace_bw: 6890 kbps
   t=298s | buffer: 1.2s | bitrate: 4500 kbps | tp: 6981 kbps | trace_bw: 6981 kbps
   t=308s | buffer: 3.2s | bitrate: 4500 kbps | tp: 6017 kbps | trace_bw: 6017 kbps
   t=319s | buffer: 0.1s | bitrate: 4500 kbps | tp: 5824 kbps | trace_bw: 5824 kbps
   t=329s | buffer: 3.3s | bitrate: 4500 kbps | tp: 1703 kbps | trace_bw: 1703 kbps
   t=339s | buffer: 3.7s | bitrate: 4500 kbps | tp: 6969 kbps | trace_bw: 6969 kbps
   t=350s | buffer: 0.1s | bitrate: 4500 kbps | tp: 6983 kbps | trace_bw: 6983 kbps
   t=360s | buffer: 1.1s | bitrate: 4500 kbps | tp: 6983 kbps | trace_bw: 6983 kbps
   t=370s | buffer: 3.7s | bitrate: 4500 kbps | tp: 4017 kbps | trace_bw: 4017 kbps
   t=380s | buffer: 1.7s | bitrate: 4500 kbps | tp: 2704 kbps | trace_bw: 2704 kbps
   t=390s | buffer: 0.1s | bitrate: 4500 kbps | tp: 6983 kbps | trace_bw: 6983 kbps
   t=400s | buffer: 1.7s | bitrate: 4500 kbps | tp: 6464 kbps | trace_bw: 6464 kbps
   t=411s | buffer: 3.7s | bitrate: 4500 kbps | tp: 2646 kbps | trace_bw: 2646 kbps
   t=421s | buffer: 0.1s | bitrate: 4500 kbps | tp: 6934 kbps | trace_bw: 6934 kbps
   t=431s | buffer: 0.1s | bitrate: 4500 kbps | tp: 6960 kbps | trace_bw: 6960 kbps
   t=442s | buffer: 1.6s | bitrate: 4500 kbps | tp: 2947 kbps | trace_bw: 2947 kbps
   t=452s | buffer: 1.9s | bitrate: 4500 kbps | tp: 6946 kbps | trace_bw: 6946 kbps
   t=463s | buffer: 0.1s | bitrate: 4500 kbps | tp: 6985 kbps | trace_bw: 6985 kbps
   t=473s | buffer: 1.2s | bitrate: 4500 kbps | tp: 6950 kbps | trace_bw: 6950 kbps
   t=483s | buffer: 3.8s | bitrate: 4500 kbps | tp: 7008 kbps | trace_bw: 7008 kbps
   t=493s | buffer: 1.2s | bitrate: 4500 kbps | tp: 6971 kbps | trace_bw: 6971 kbps
   t=503s | buffer: 0.1s | bitrate: 4500 kbps | tp: 7001 kbps | trace_bw: 7001 kbps
   t=513s | buffer: 1.7s | bitrate: 4500 kbps | tp: 6985 kbps | trace_bw: 6985 kbps
   t=524s | buffer: 3.8s | bitrate: 4500 kbps | tp: 6987 kbps | trace_bw: 6987 kbps
   t=534s | buffer: 0.1s | bitrate: 4500 kbps | tp: 3547 kbps | trace_bw: 3547 kbps
   t=545s | buffer: 3.7s | bitrate: 4500 kbps | tp: 5 kbps | trace_bw: 5 kbps
   t=555s | buffer: 1.8s | bitrate: 4500 kbps | tp: 227 kbps | trace_bw: 227 kbps
   t=565s | buffer: 0.1s | bitrate: 4500 kbps | tp: 213 kbps | trace_bw: 213 kbps
   t=575s | buffer: 1.4s | bitrate: 4500 kbps | tp: 7043 kbps | trace_bw: 7043 kbps
   t=586s | buffer: 3.8s | bitrate: 4500 kbps | tp: 6981 kbps | trace_bw: 6981 kbps
   t=596s | buffer: 0.1s | bitrate: 4500 kbps | tp: 7057 kbps | trace_bw: 7057 kbps
   t=606s | buffer: 0.1s | bitrate: 4500 kbps | tp: 6934 kbps | trace_bw: 6934 kbps
   t=617s | buffer: 3.8s | bitrate: 4500 kbps | tp: 6957 kbps | trace_bw: 6957 kbps

======================================================================
  BENCHMARK RESULTS (LLDASH / dash.js / BOLA)
======================================================================

  [TIMING]
      Startup delay:     1,938 ms
      Playback time:     399.9 s

  [BITRATE]
      Average (selected):  3,995 kbps
      Average (effective): 2,549 kbps
      Min / Max:           100 / 4,500 kbps
      Median:              4,500 kbps
      Std deviation:       1,402.8 kbps
      Variance:            1,967,867.0
      25th/75th %ile:      4,500 / 4,500 kbps

  [SWITCHES]
      Total count:       1
      Up / Down:         1 / 0
      Avg magnitude:     4,400 kbps

  [REBUFFERING]
      Events:            101
      Total time:        226,872 ms
      Ratio:             36.1978%
      Frequency:         15.154 per minute
      Avg duration:      2,263 ms
      Max duration:      6,453 ms

  [THROUGHPUT]
      Average:           5,986 kbps
      Median:            6,950 kbps
      Min / Max:         5 / 7,094 kbps
      Std deviation:     1,951.1 kbps

  [AVAILABLE BW (trace)]
      Average:           5,986 kbps
      Min / Max:         5 / 7,094 kbps
      Utilisation:       116.1%

  [BUFFER]
      Average level:     1.4 s
      Min / Max:         0.1 / 4.0 s

  [UTILIZATION]
      Bandwidth:         57.5%

======================================================================

[SAVED] results/fcc2016_sept/benchmark_lldash_fcc2016_sept_unit178682_tc_20260416_193218.json

──────────────────────────────────────────────────────────────────────
  [2/10] fcc2016_sept_unit241853_tc.csv
──────────────────────────────────────────────────────────────────────
[TRACE] fcc2016_sept_unit241853_tc.csv
[LLDASH-SHAPER] Triggering tc-trace via /startShaping API...
[LLDASH-SHAPER] tc-trace.py starting in container

======================================================================
  LLDASH Streaming QoE Benchmark (dash.js / BOLA)
======================================================================
  Server: http://localhost:8081/?mpd=http://localhost:8081/manifest.mpd
======================================================================

[TRACE] Loaded 584 entries with bandwidth
[INFO] Auto-detected video duration 596s → max_duration=626s
[BROWSER] Launching headless Chromium...
[BROWSER] Waiting for playback to start...
   Startup delay: 1829ms

[PLAYBACK] Collecting metrics...
   t=10s | buffer: 2.8s | bitrate: 100 kbps | tp: 6925 kbps | trace_bw: 6925 kbps
   t=20s | buffer: 1.8s | bitrate: 100 kbps | tp: 7018 kbps | trace_bw: 7018 kbps
   t=31s | buffer: 0.1s | bitrate: 100 kbps | tp: 6832 kbps | trace_bw: 6832 kbps
   t=41s | buffer: 3.1s | bitrate: 100 kbps | tp: 7015 kbps | trace_bw: 7015 kbps
   t=51s | buffer: 2.3s | bitrate: 100 kbps | tp: 7018 kbps | trace_bw: 7018 kbps
   t=61s | buffer: 1.2s | bitrate: 100 kbps | tp: 7022 kbps | trace_bw: 7022 kbps
   t=71s | buffer: 0.1s | bitrate: 100 kbps | tp: 7018 kbps | trace_bw: 7018 kbps
   t=81s | buffer: 3.1s | bitrate: 100 kbps | tp: 7018 kbps | trace_bw: 7018 kbps
   t=92s | buffer: 2.3s | bitrate: 100 kbps | tp: 7022 kbps | trace_bw: 7022 kbps
   t=102s | buffer: 1.2s | bitrate: 100 kbps | tp: 7018 kbps | trace_bw: 7018 kbps
   t=112s | buffer: 0.1s | bitrate: 4500 kbps | tp: 6994 kbps | trace_bw: 6994 kbps
   t=122s | buffer: 0.1s | bitrate: 4500 kbps | tp: 7022 kbps | trace_bw: 7022 kbps
   t=132s | buffer: 2.1s | bitrate: 4500 kbps | tp: 7020 kbps | trace_bw: 7020 kbps
   t=143s | buffer: 0.1s | bitrate: 4500 kbps | tp: 7018 kbps | trace_bw: 7018 kbps
   t=153s | buffer: 3.4s | bitrate: 4500 kbps | tp: 7022 kbps | trace_bw: 7022 kbps
   t=163s | buffer: 0.1s | bitrate: 4500 kbps | tp: 7018 kbps | trace_bw: 7018 kbps
   t=173s | buffer: 1.1s | bitrate: 4500 kbps | tp: 7017 kbps | trace_bw: 7017 kbps
   t=184s | buffer: 0.1s | bitrate: 4500 kbps | tp: 7022 kbps | trace_bw: 7022 kbps
   t=194s | buffer: 0.1s | bitrate: 4500 kbps | tp: 7018 kbps | trace_bw: 7018 kbps
   t=205s | buffer: 3.7s | bitrate: 4500 kbps | tp: 7018 kbps | trace_bw: 7018 kbps
   t=215s | buffer: 0.1s | bitrate: 4500 kbps | tp: 7018 kbps | trace_bw: 7018 kbps
   t=225s | buffer: 2.4s | bitrate: 4500 kbps | tp: 7019 kbps | trace_bw: 7019 kbps
   t=236s | buffer: 2.3s | bitrate: 4500 kbps | tp: 7020 kbps | trace_bw: 7020 kbps
   t=246s | buffer: 3.8s | bitrate: 4500 kbps | tp: 7018 kbps | trace_bw: 7018 kbps
   t=256s | buffer: 2.8s | bitrate: 4500 kbps | tp: 6985 kbps | trace_bw: 6985 kbps
   t=267s | buffer: 2.2s | bitrate: 4500 kbps | tp: 7013 kbps | trace_bw: 7013 kbps
   t=277s | buffer: 0.1s | bitrate: 4500 kbps | tp: 7019 kbps | trace_bw: 7019 kbps
   t=287s | buffer: 1.6s | bitrate: 4500 kbps | tp: 6990 kbps | trace_bw: 6990 kbps
   t=297s | buffer: 0.1s | bitrate: 4500 kbps | tp: 7020 kbps | trace_bw: 7020 kbps
   t=307s | buffer: 1.3s | bitrate: 4500 kbps | tp: 7018 kbps | trace_bw: 7018 kbps
   t=318s | buffer: 3.8s | bitrate: 4500 kbps | tp: 7018 kbps | trace_bw: 7018 kbps
   t=328s | buffer: 0.6s | bitrate: 4500 kbps | tp: 7020 kbps | trace_bw: 7020 kbps
   t=339s | buffer: 1.3s | bitrate: 4500 kbps | tp: 7020 kbps | trace_bw: 7020 kbps
   t=349s | buffer: 0.1s | bitrate: 4500 kbps | tp: 7018 kbps | trace_bw: 7018 kbps
   t=360s | buffer: 0.1s | bitrate: 4500 kbps | tp: 7020 kbps | trace_bw: 7020 kbps
   t=370s | buffer: 0.1s | bitrate: 4500 kbps | tp: 7020 kbps | trace_bw: 7020 kbps
   t=380s | buffer: 0.1s | bitrate: 4500 kbps | tp: 7018 kbps | trace_bw: 7018 kbps
   t=390s | buffer: 1.3s | bitrate: 4500 kbps | tp: 7022 kbps | trace_bw: 7022 kbps
   t=400s | buffer: 3.7s | bitrate: 4500 kbps | tp: 7020 kbps | trace_bw: 7020 kbps
   t=410s | buffer: 1.7s | bitrate: 4500 kbps | tp: 7018 kbps | trace_bw: 7018 kbps
   t=421s | buffer: 3.8s | bitrate: 4500 kbps | tp: 7022 kbps | trace_bw: 7022 kbps
   t=431s | buffer: 0.1s | bitrate: 4500 kbps | tp: 7020 kbps | trace_bw: 7020 kbps
   t=442s | buffer: 0.1s | bitrate: 4500 kbps | tp: 7020 kbps | trace_bw: 7020 kbps
   t=452s | buffer: 2.7s | bitrate: 4500 kbps | tp: 7022 kbps | trace_bw: 7022 kbps
   t=462s | buffer: 0.1s | bitrate: 4500 kbps | tp: 7017 kbps | trace_bw: 7017 kbps
   t=472s | buffer: 1.6s | bitrate: 4500 kbps | tp: 7018 kbps | trace_bw: 7018 kbps
   t=483s | buffer: 0.1s | bitrate: 4500 kbps | tp: 7020 kbps | trace_bw: 7020 kbps
   t=493s | buffer: 0.1s | bitrate: 4500 kbps | tp: 7018 kbps | trace_bw: 7018 kbps
   t=503s | buffer: 0.1s | bitrate: 4500 kbps | tp: 7018 kbps | trace_bw: 7018 kbps
   t=513s | buffer: 3.2s | bitrate: 4500 kbps | tp: 7012 kbps | trace_bw: 7012 kbps
   t=523s | buffer: 0.1s | bitrate: 4500 kbps | tp: 6953 kbps | trace_bw: 6953 kbps
   t=534s | buffer: 0.1s | bitrate: 4500 kbps | tp: 7013 kbps | trace_bw: 7013 kbps
   t=544s | buffer: 0.1s | bitrate: 4500 kbps | tp: 7022 kbps | trace_bw: 7022 kbps
   t=554s | buffer: 3.3s | bitrate: 4500 kbps | tp: 6895 kbps | trace_bw: 6895 kbps
   t=564s | buffer: 1.8s | bitrate: 4500 kbps | tp: 6957 kbps | trace_bw: 6957 kbps
   t=575s | buffer: 0.1s | bitrate: 4500 kbps | tp: 7027 kbps | trace_bw: 7027 kbps
   t=585s | buffer: 0.1s | bitrate: 4500 kbps | tp: 7018 kbps | trace_bw: 7018 kbps
   t=595s | buffer: 0.1s | bitrate: 4500 kbps | tp: 6960 kbps | trace_bw: 6960 kbps
   t=605s | buffer: 1.2s | bitrate: 4500 kbps | tp: 7020 kbps | trace_bw: 7020 kbps
   t=615s | buffer: 3.8s | bitrate: 4500 kbps | tp: 7008 kbps | trace_bw: 7008 kbps
   t=625s | buffer: 0.1s | bitrate: 4500 kbps | tp: 7018 kbps | trace_bw: 7018 kbps

======================================================================
  BENCHMARK RESULTS (LLDASH / dash.js / BOLA)
======================================================================

  [TIMING]
      Startup delay:     1,829 ms
      Playback time:     340.4 s

  [BITRATE]
      Average (selected):  3,717 kbps
      Average (effective): 2,019 kbps
      Min / Max:           100 / 4,500 kbps
      Median:              4,500 kbps
      Std deviation:       1,683.0 kbps
      Variance:            2,832,339.4
      25th/75th %ile:      4,500 / 4,500 kbps

  [SWITCHES]
      Total count:       1
      Up / Down:         1 / 0
      Avg magnitude:     4,400 kbps

  [REBUFFERING]
      Events:            86
      Total time:        286,334 ms
      Ratio:             45.6886%
      Frequency:         15.160 per minute
      Avg duration:      3,329 ms
      Max duration:      32,844 ms

  [THROUGHPUT]
      Average:           7,006 kbps
      Median:            7,018 kbps
      Min / Max:         6,753 / 7,027 kbps
      Std deviation:     42.1 kbps

  [AVAILABLE BW (trace)]
      Average:           7,006 kbps
      Min / Max:         6,753 / 7,027 kbps
      Utilisation:       100.2%

  [BUFFER]
      Average level:     1.2 s
      Min / Max:         0.1 / 4.0 s

  [UTILIZATION]
      Bandwidth:         53.0%

======================================================================

[SAVED] results/fcc2016_sept/benchmark_lldash_fcc2016_sept_unit241853_tc_20260416_194250.json

──────────────────────────────────────────────────────────────────────
  [3/10] fcc2016_sept_unit26562_tc.csv
──────────────────────────────────────────────────────────────────────
[TRACE] fcc2016_sept_unit26562_tc.csv
[LLDASH-SHAPER] Triggering tc-trace via /startShaping API...
[LLDASH-SHAPER] tc-trace.py starting in container

======================================================================
  LLDASH Streaming QoE Benchmark (dash.js / BOLA)
======================================================================
  Server: http://localhost:8081/?mpd=http://localhost:8081/manifest.mpd
======================================================================

[TRACE] Loaded 1967 entries with bandwidth
[INFO] Auto-detected video duration 596s → max_duration=626s
[BROWSER] Launching headless Chromium...
[BROWSER] Waiting for playback to start...
   Startup delay: 1769ms

[PLAYBACK] Collecting metrics...
   t=10s | buffer: 3.4s | bitrate: 100 kbps | tp: 83588 kbps | trace_bw: 83588 kbps
   t=20s | buffer: 0.1s | bitrate: 4500 kbps | tp: 99228 kbps | trace_bw: 99228 kbps
   t=30s | buffer: 0.6s | bitrate: 4500 kbps | tp: 98085 kbps | trace_bw: 98085 kbps
   t=40s | buffer: 0.1s | bitrate: 4500 kbps | tp: 99022 kbps | trace_bw: 99022 kbps
   t=51s | buffer: 1.1s | bitrate: 4500 kbps | tp: 99130 kbps | trace_bw: 99130 kbps
   t=61s | buffer: 2.7s | bitrate: 4500 kbps | tp: 95089 kbps | trace_bw: 95089 kbps
   t=71s | buffer: 0.1s | bitrate: 4500 kbps | tp: 102382 kbps | trace_bw: 102382 kbps
   t=81s | buffer: 1.3s | bitrate: 4500 kbps | tp: 88931 kbps | trace_bw: 88931 kbps
   t=92s | buffer: 1.3s | bitrate: 4500 kbps | tp: 82433 kbps | trace_bw: 82433 kbps
   t=102s | buffer: 3.2s | bitrate: 4500 kbps | tp: 96420 kbps | trace_bw: 96420 kbps
   t=112s | buffer: 0.1s | bitrate: 4500 kbps | tp: 70250 kbps | trace_bw: 70250 kbps
   t=122s | buffer: 0.1s | bitrate: 4500 kbps | tp: 83000 kbps | trace_bw: 83000 kbps
   t=132s | buffer: 0.1s | bitrate: 4500 kbps | tp: 97263 kbps | trace_bw: 97263 kbps
   t=143s | buffer: 0.1s | bitrate: 4500 kbps | tp: 99907 kbps | trace_bw: 99907 kbps
   t=153s | buffer: 0.1s | bitrate: 4500 kbps | tp: 93617 kbps | trace_bw: 93617 kbps
   t=163s | buffer: 2.1s | bitrate: 4500 kbps | tp: 99298 kbps | trace_bw: 99298 kbps
   t=174s | buffer: 3.2s | bitrate: 4500 kbps | tp: 107267 kbps | trace_bw: 107267 kbps
   t=184s | buffer: 0.1s | bitrate: 4500 kbps | tp: 105900 kbps | trace_bw: 105900 kbps
   t=194s | buffer: 0.6s | bitrate: 4500 kbps | tp: 104457 kbps | trace_bw: 104457 kbps
   t=205s | buffer: 3.8s | bitrate: 4500 kbps | tp: 103813 kbps | trace_bw: 103813 kbps
   t=215s | buffer: 0.1s | bitrate: 4500 kbps | tp: 99438 kbps | trace_bw: 99438 kbps
   t=225s | buffer: 2.4s | bitrate: 4500 kbps | tp: 93766 kbps | trace_bw: 93766 kbps
   t=235s | buffer: 0.1s | bitrate: 4500 kbps | tp: 103876 kbps | trace_bw: 103876 kbps
   t=245s | buffer: 0.1s | bitrate: 4500 kbps | tp: 101262 kbps | trace_bw: 101262 kbps
   t=256s | buffer: 1.2s | bitrate: 4500 kbps | tp: 96679 kbps | trace_bw: 96679 kbps
   t=266s | buffer: 0.1s | bitrate: 4500 kbps | tp: 94446 kbps | trace_bw: 94446 kbps
   t=276s | buffer: 2.2s | bitrate: 4500 kbps | tp: 104168 kbps | trace_bw: 104168 kbps
   t=286s | buffer: 0.1s | bitrate: 4500 kbps | tp: 68135 kbps | trace_bw: 68135 kbps
   t=296s | buffer: 1.1s | bitrate: 4500 kbps | tp: 99451 kbps | trace_bw: 99451 kbps
   t=306s | buffer: 3.2s | bitrate: 4500 kbps | tp: 103584 kbps | trace_bw: 103584 kbps
   t=317s | buffer: 0.1s | bitrate: 4500 kbps | tp: 99015 kbps | trace_bw: 99015 kbps
   t=327s | buffer: 1.1s | bitrate: 4500 kbps | tp: 100879 kbps | trace_bw: 100879 kbps
   t=337s | buffer: 2.7s | bitrate: 4500 kbps | tp: 102630 kbps | trace_bw: 102630 kbps
   t=347s | buffer: 0.1s | bitrate: 4500 kbps | tp: 99998 kbps | trace_bw: 99998 kbps
   t=358s | buffer: 2.3s | bitrate: 4500 kbps | tp: 98862 kbps | trace_bw: 98862 kbps
   t=368s | buffer: 0.1s | bitrate: 4500 kbps | tp: 105837 kbps | trace_bw: 105837 kbps
   t=378s | buffer: 0.1s | bitrate: 4500 kbps | tp: 105787 kbps | trace_bw: 105787 kbps
   t=389s | buffer: 3.8s | bitrate: 4500 kbps | tp: 98691 kbps | trace_bw: 98691 kbps
   t=399s | buffer: 0.1s | bitrate: 4500 kbps | tp: 108084 kbps | trace_bw: 108084 kbps
   t=409s | buffer: 2.3s | bitrate: 4500 kbps | tp: 100832 kbps | trace_bw: 100832 kbps
   t=420s | buffer: 0.1s | bitrate: 4500 kbps | tp: 109156 kbps | trace_bw: 109156 kbps
   t=430s | buffer: 0.1s | bitrate: 4500 kbps | tp: 94713 kbps | trace_bw: 94713 kbps
   t=440s | buffer: 1.6s | bitrate: 4500 kbps | tp: 101753 kbps | trace_bw: 101753 kbps
   t=450s | buffer: 0.1s | bitrate: 4500 kbps | tp: 70382 kbps | trace_bw: 70382 kbps
   t=461s | buffer: 0.1s | bitrate: 4500 kbps | tp: 104622 kbps | trace_bw: 104622 kbps
   t=471s | buffer: 0.1s | bitrate: 4500 kbps | tp: 96801 kbps | trace_bw: 96801 kbps
   t=482s | buffer: 2.3s | bitrate: 4500 kbps | tp: 98847 kbps | trace_bw: 98847 kbps
   t=492s | buffer: 0.1s | bitrate: 4500 kbps | tp: 101735 kbps | trace_bw: 101735 kbps
   t=502s | buffer: 0.8s | bitrate: 4500 kbps | tp: 102462 kbps | trace_bw: 102462 kbps
   t=512s | buffer: 2.7s | bitrate: 4500 kbps | tp: 95555 kbps | trace_bw: 95555 kbps
   t=523s | buffer: 0.1s | bitrate: 4500 kbps | tp: 102175 kbps | trace_bw: 102175 kbps
   t=533s | buffer: 2.2s | bitrate: 4500 kbps | tp: 82657 kbps | trace_bw: 82657 kbps
   t=543s | buffer: 3.2s | bitrate: 4500 kbps | tp: 77236 kbps | trace_bw: 77236 kbps
   t=554s | buffer: 0.1s | bitrate: 4500 kbps | tp: 76006 kbps | trace_bw: 76006 kbps
   t=564s | buffer: 1.1s | bitrate: 4500 kbps | tp: 68354 kbps | trace_bw: 68354 kbps
   t=574s | buffer: 1.8s | bitrate: 4500 kbps | tp: 95103 kbps | trace_bw: 95103 kbps
   t=585s | buffer: 3.8s | bitrate: 4500 kbps | tp: 83641 kbps | trace_bw: 83641 kbps
   t=595s | buffer: 1.2s | bitrate: 4500 kbps | tp: 100907 kbps | trace_bw: 100907 kbps
   t=605s | buffer: 0.1s | bitrate: 4500 kbps | tp: 103397 kbps | trace_bw: 103397 kbps
   t=616s | buffer: 3.7s | bitrate: 4500 kbps | tp: 97056 kbps | trace_bw: 97056 kbps
   t=626s | buffer: 1.1s | bitrate: 4500 kbps | tp: 104103 kbps | trace_bw: 104103 kbps
Error occurred in event listener
Traceback (most recent call last):
  File "/home/ajhunjh1/.local/lib/python3.8/site-packages/playwright/_impl/_helper.py", line 296, in handle
    return await self._handle_internal(route)
  File "/home/ajhunjh1/.local/lib/python3.8/site-packages/playwright/_impl/_helper.py", line 332, in _handle_internal
    await handler_finished_future
  File "/home/ajhunjh1/.local/lib/python3.8/site-packages/playwright/_impl/_helper.py", line 323, in _handler
    self.handler(route, route.request)  # type: ignore
  File "/home/ajhunjh1/.local/lib/python3.8/site-packages/playwright/_impl/_impl_to_api_mapping.py", line 123, in wrapper_func
    return handler(
  File "benchmark.py", line 473, in _patch_dash_html
    resp = route.fetch()
  File "/home/ajhunjh1/.local/lib/python3.8/site-packages/playwright/sync_api/_generated.py", line 804, in fetch
    self._sync(
  File "/home/ajhunjh1/.local/lib/python3.8/site-packages/playwright/_impl/_sync_base.py", line 115, in _sync
    return task.result()
  File "/home/ajhunjh1/.local/lib/python3.8/site-packages/playwright/_impl/_network.py", line 457, in fetch
    return await self._connection.wrap_api_call(
  File "/home/ajhunjh1/.local/lib/python3.8/site-packages/playwright/_impl/_connection.py", line 520, in wrap_api_call
    raise rewrite_error(error, f"{parsed_st['apiName']}: {error}") from None
playwright._impl._errors.TargetClosedError: Route.fetch: Target page, context or browser has been closed
Call log:
→ GET http://localhost:8081/chunk-stream9-00083.m4s
  -   user-agent: Mozilla/5.0 (X11; Linux x86_64) AppleWebKit/537.36 (KHTML, like Gecko) HeadlessChrome/112.0.5615.49 Safari/537.36
  -   accept: */*
  -   accept-encoding: gzip,deflate,br
  -   referer: http://localhost:8081/?mpd=http://localhost:8081/manifest.mpd
  -   sec-ch-ua: 
  -   sec-ch-ua-mobile: ?0
  -   sec-ch-ua-platform: ""
  - ← 200 OK
  -   server: SimpleHTTP/0.6 Python/3.11.15
  -   date: Fri, 17 Apr 2026 03:03:50 GMT
  -   content-type: video/iso.segment
  -   content-length: 2557214
  -   last-modified: Thu, 19 Mar 2026 03:31:16 GMT
  -   access-control-allow-origin: *
  -   access-control-allow-methods: GET, OPTIONS
  -   access-control-allow-headers: Content-Type, Range
  -   access-control-expose-headers: Content-Length, Content-Range
  -   cache-control: public, max-age=86400


During handling of the above exception, another exception occurred:

Traceback (most recent call last):
  File "/home/ajhunjh1/.local/lib/python3.8/site-packages/playwright/_impl/_page.py", line 297, in _on_route
    handled = await route_handler.handle(route)
  File "/home/ajhunjh1/.local/lib/python3.8/site-packages/playwright/_impl/_helper.py", line 305, in handle
    raise rewrite_error(
playwright._impl._errors.TargetClosedError: "Route.fetch: Target page, context or browser has been closed
Call log:
→ GET http://localhost:8081/chunk-stream9-00083.m4s
  -   user-agent: Mozilla/5.0 (X11; Linux x86_64) AppleWebKit/537.36 (KHTML, like Gecko) HeadlessChrome/112.0.5615.49 Safari/537.36
  -   accept: */*
  -   accept-encoding: gzip,deflate,br
  -   referer: http://localhost:8081/?mpd=http://localhost:8081/manifest.mpd
  -   sec-ch-ua: 
  -   sec-ch-ua-mobile: ?0
  -   sec-ch-ua-platform: ""
  - ← 200 OK
  -   server: SimpleHTTP/0.6 Python/3.11.15
  -   date: Fri, 17 Apr 2026 03:03:50 GMT
  -   content-type: video/iso.segment
  -   content-length: 2557214
  -   last-modified: Thu, 19 Mar 2026 03:31:16 GMT
  -   access-control-allow-origin: *
  -   access-control-allow-methods: GET, OPTIONS
  -   access-control-allow-headers: Content-Type, Range
  -   access-control-expose-headers: Content-Length, Content-Range
  -   cache-control: public, max-age=86400
" while running route callback.
Consider awaiting `page.unroute_all(behavior='ignoreErrors')`
before the end of the test to ignore remaining routes in flight.

======================================================================
  BENCHMARK RESULTS (LLDASH / dash.js / BOLA)
======================================================================

  [TIMING]
      Startup delay:     1,769 ms
      Playback time:     327.4 s

  [BITRATE]
      Average (selected):  4,377 kbps
      Average (effective): 2,287 kbps
      Min / Max:           100 / 4,500 kbps
      Median:              4,500 kbps
      Std deviation:       725.0 kbps
      Variance:            525,676.5
      25th/75th %ile:      4,500 / 4,500 kbps

  [SWITCHES]
      Total count:       1
      Up / Down:         1 / 0
      Avg magnitude:     4,400 kbps

  [REBUFFERING]
      Events:            82
      Total time:        299,269 ms
      Ratio:             47.7546%
      Frequency:         15.027 per minute
      Avg duration:      3,650 ms
      Max duration:      27,133 ms

  [THROUGHPUT]
      Average:           93,945 kbps
      Median:            96,265 kbps
      Min / Max:         61,924 / 109,156 kbps
      Std deviation:     10,506.7 kbps

  [AVAILABLE BW (trace)]
      Average:           93,945 kbps
      Min / Max:         61,924 / 109,156 kbps
      Utilisation:       102.5%

  [BUFFER]
      Average level:     1.1 s
      Min / Max:         0.1 / 4.0 s

  [UTILIZATION]
      Bandwidth:         4.5%

======================================================================

[SAVED] results/fcc2016_sept/benchmark_lldash_fcc2016_sept_unit26562_tc_20260416_195322.json

──────────────────────────────────────────────────────────────────────
  [4/10] fcc2016_sept_unit619854_tc.csv
──────────────────────────────────────────────────────────────────────
[TRACE] fcc2016_sept_unit619854_tc.csv
[LLDASH-SHAPER] Triggering tc-trace via /startShaping API...
[LLDASH-SHAPER] tc-trace.py starting in container

======================================================================
  LLDASH Streaming QoE Benchmark (dash.js / BOLA)
======================================================================
  Server: http://localhost:8081/?mpd=http://localhost:8081/manifest.mpd
======================================================================

[TRACE] Loaded 456 entries with bandwidth
[INFO] Auto-detected video duration 596s → max_duration=626s
[BROWSER] Launching headless Chromium...
[BROWSER] Waiting for playback to start...
   Startup delay: 1781ms

[PLAYBACK] Collecting metrics...
   t=10s | buffer: 2.8s | bitrate: 100 kbps | tp: 50150 kbps | trace_bw: 50150 kbps
   t=21s | buffer: 0.8s | bitrate: 4500 kbps | tp: 44407 kbps | trace_bw: 44407 kbps
   t=31s | buffer: 0.1s | bitrate: 4500 kbps | tp: 49659 kbps | trace_bw: 49659 kbps
   t=41s | buffer: 0.1s | bitrate: 4500 kbps | tp: 38299 kbps | trace_bw: 38299 kbps
   t=52s | buffer: 3.2s | bitrate: 4500 kbps | tp: 39251 kbps | trace_bw: 39251 kbps
   t=62s | buffer: 0.1s | bitrate: 4500 kbps | tp: 38714 kbps | trace_bw: 38714 kbps
   t=72s | buffer: 0.8s | bitrate: 4500 kbps | tp: 38905 kbps | trace_bw: 38905 kbps
   t=82s | buffer: 0.1s | bitrate: 4500 kbps | tp: 39256 kbps | trace_bw: 39256 kbps
   t=93s | buffer: 1.6s | bitrate: 4500 kbps | tp: 44760 kbps | trace_bw: 44760 kbps
   t=103s | buffer: 3.2s | bitrate: 4500 kbps | tp: 39421 kbps | trace_bw: 39421 kbps
   t=113s | buffer: 0.8s | bitrate: 4500 kbps | tp: 44167 kbps | trace_bw: 44167 kbps
   t=124s | buffer: 3.3s | bitrate: 4500 kbps | tp: 44532 kbps | trace_bw: 44532 kbps
   t=134s | buffer: 2.2s | bitrate: 4500 kbps | tp: 44235 kbps | trace_bw: 44235 kbps
   t=144s | buffer: 2.1s | bitrate: 4500 kbps | tp: 40510 kbps | trace_bw: 40510 kbps
   t=155s | buffer: 2.2s | bitrate: 4500 kbps | tp: 38896 kbps | trace_bw: 38896 kbps
   t=165s | buffer: 3.8s | bitrate: 4500 kbps | tp: 40465 kbps | trace_bw: 40465 kbps
   t=175s | buffer: 0.1s | bitrate: 4500 kbps | tp: 44759 kbps | trace_bw: 44759 kbps
   t=185s | buffer: 0.1s | bitrate: 4500 kbps | tp: 48993 kbps | trace_bw: 48993 kbps
   t=195s | buffer: 1.1s | bitrate: 4500 kbps | tp: 50088 kbps | trace_bw: 50088 kbps
   t=206s | buffer: 0.1s | bitrate: 4500 kbps | tp: 49420 kbps | trace_bw: 49420 kbps
   t=216s | buffer: 0.1s | bitrate: 4500 kbps | tp: 49371 kbps | trace_bw: 49371 kbps
   t=226s | buffer: 0.1s | bitrate: 4500 kbps | tp: 50046 kbps | trace_bw: 50046 kbps
   t=236s | buffer: 2.7s | bitrate: 4500 kbps | tp: 45260 kbps | trace_bw: 45260 kbps
   t=246s | buffer: 2.3s | bitrate: 4500 kbps | tp: 44177 kbps | trace_bw: 44177 kbps
   t=257s | buffer: 0.1s | bitrate: 4500 kbps | tp: 40626 kbps | trace_bw: 40626 kbps
   t=267s | buffer: 0.1s | bitrate: 4500 kbps | tp: 37837 kbps | trace_bw: 37837 kbps
   t=277s | buffer: 0.1s | bitrate: 4500 kbps | tp: 39227 kbps | trace_bw: 39227 kbps
   t=288s | buffer: 0.1s | bitrate: 4500 kbps | tp: 36327 kbps | trace_bw: 36327 kbps
   t=298s | buffer: 3.8s | bitrate: 4500 kbps | tp: 44772 kbps | trace_bw: 44772 kbps
   t=308s | buffer: 0.1s | bitrate: 4500 kbps | tp: 39261 kbps | trace_bw: 39261 kbps
   t=318s | buffer: 3.2s | bitrate: 4500 kbps | tp: 38481 kbps | trace_bw: 38481 kbps
   t=329s | buffer: 2.3s | bitrate: 4500 kbps | tp: 23761 kbps | trace_bw: 23761 kbps
   t=339s | buffer: 0.1s | bitrate: 4500 kbps | tp: 48894 kbps | trace_bw: 48894 kbps
   t=349s | buffer: 0.1s | bitrate: 4500 kbps | tp: 30843 kbps | trace_bw: 30843 kbps
   t=360s | buffer: 0.1s | bitrate: 4500 kbps | tp: 39057 kbps | trace_bw: 39057 kbps
   t=370s | buffer: 1.2s | bitrate: 4500 kbps | tp: 44138 kbps | trace_bw: 44138 kbps
   t=380s | buffer: 0.1s | bitrate: 4500 kbps | tp: 38771 kbps | trace_bw: 38771 kbps
   t=390s | buffer: 0.1s | bitrate: 4500 kbps | tp: 39140 kbps | trace_bw: 39140 kbps
   t=400s | buffer: 0.1s | bitrate: 4500 kbps | tp: 50132 kbps | trace_bw: 50132 kbps
   t=411s | buffer: 3.2s | bitrate: 4500 kbps | tp: 49489 kbps | trace_bw: 49489 kbps
   t=421s | buffer: 0.1s | bitrate: 4500 kbps | tp: 47545 kbps | trace_bw: 47545 kbps
   t=431s | buffer: 3.3s | bitrate: 4500 kbps | tp: 50149 kbps | trace_bw: 50149 kbps
   t=442s | buffer: 3.7s | bitrate: 4500 kbps | tp: 44118 kbps | trace_bw: 44118 kbps
   t=452s | buffer: 0.1s | bitrate: 4500 kbps | tp: 44362 kbps | trace_bw: 44362 kbps
   t=462s | buffer: 1.1s | bitrate: 4500 kbps | tp: 39108 kbps | trace_bw: 39108 kbps
   t=473s | buffer: 0.1s | bitrate: 4500 kbps | tp: 41963 kbps | trace_bw: 41963 kbps
   t=483s | buffer: 3.4s | bitrate: 4500 kbps | tp: 50171 kbps | trace_bw: 50171 kbps
   t=493s | buffer: 0.1s | bitrate: 4500 kbps | tp: 49922 kbps | trace_bw: 49922 kbps
   t=503s | buffer: 3.2s | bitrate: 4500 kbps | tp: 49633 kbps | trace_bw: 49633 kbps
   t=514s | buffer: 0.1s | bitrate: 4500 kbps | tp: 48813 kbps | trace_bw: 48813 kbps
   t=524s | buffer: 1.7s | bitrate: 4500 kbps | tp: 49503 kbps | trace_bw: 49503 kbps
   t=535s | buffer: 0.1s | bitrate: 4500 kbps | tp: 38848 kbps | trace_bw: 38848 kbps
   t=545s | buffer: 0.6s | bitrate: 4500 kbps | tp: 45832 kbps | trace_bw: 45832 kbps
   t=555s | buffer: 0.8s | bitrate: 4500 kbps | tp: 42173 kbps | trace_bw: 42173 kbps
   t=565s | buffer: 0.1s | bitrate: 4500 kbps | tp: 49491 kbps | trace_bw: 49491 kbps
   t=575s | buffer: 3.2s | bitrate: 4500 kbps | tp: 43273 kbps | trace_bw: 43273 kbps
   t=586s | buffer: 3.3s | bitrate: 4500 kbps | tp: 44754 kbps | trace_bw: 44754 kbps
   t=596s | buffer: 0.1s | bitrate: 4500 kbps | tp: 44381 kbps | trace_bw: 44381 kbps
   t=606s | buffer: 3.3s | bitrate: 4500 kbps | tp: 43588 kbps | trace_bw: 43588 kbps
   t=616s | buffer: 0.6s | bitrate: 4500 kbps | tp: 39356 kbps | trace_bw: 39356 kbps

======================================================================
  BENCHMARK RESULTS (LLDASH / dash.js / BOLA)
======================================================================

  [TIMING]
      Startup delay:     1,781 ms
      Playback time:     323.9 s

  [BITRATE]
      Average (selected):  4,416 kbps
      Average (effective): 2,282 kbps
      Min / Max:           100 / 4,500 kbps
      Median:              4,500 kbps
      Std deviation:       603.1 kbps
      Variance:            363,719.3
      25th/75th %ile:      4,500 / 4,500 kbps

  [SWITCHES]
      Total count:       1
      Up / Down:         1 / 0
      Avg magnitude:     4,400 kbps

  [REBUFFERING]
      Events:            82
      Total time:        302,718 ms
      Ratio:             48.3109%
      Frequency:         15.191 per minute
      Avg duration:      3,710 ms
      Max duration:      28,962 ms

  [THROUGHPUT]
      Average:           43,540 kbps
      Median:            44,138 kbps
      Min / Max:         21,575 / 50,171 kbps
      Std deviation:     5,366.6 kbps

  [AVAILABLE BW (trace)]
      Average:           43,540 kbps
      Min / Max:         21,575 / 50,171 kbps
      Utilisation:       101.4%

  [BUFFER]
      Average level:     1.1 s
      Min / Max:         0.1 / 4.0 s

  [UTILIZATION]
      Bandwidth:         10.0%

======================================================================

[SAVED] results/fcc2016_sept/benchmark_lldash_fcc2016_sept_unit619854_tc_20260416_200354.json

──────────────────────────────────────────────────────────────────────
  [5/10] fcc2016_sept_unit656870_tc.csv
──────────────────────────────────────────────────────────────────────
[TRACE] fcc2016_sept_unit656870_tc.csv
[LLDASH-SHAPER] Triggering tc-trace via /startShaping API...
[LLDASH-SHAPER] tc-trace.py starting in container

======================================================================
  LLDASH Streaming QoE Benchmark (dash.js / BOLA)
======================================================================
  Server: http://localhost:8081/?mpd=http://localhost:8081/manifest.mpd
======================================================================

[TRACE] Loaded 1221 entries with bandwidth
[INFO] Auto-detected video duration 596s → max_duration=626s
[BROWSER] Launching headless Chromium...
[BROWSER] Waiting for playback to start...
   Startup delay: 1786ms

[PLAYBACK] Collecting metrics...
   t=10s | buffer: 3.1s | bitrate: 100 kbps | tp: 6092 kbps | trace_bw: 6092 kbps
   t=20s | buffer: 2.3s | bitrate: 100 kbps | tp: 6089 kbps | trace_bw: 6089 kbps
   t=31s | buffer: 0.8s | bitrate: 100 kbps | tp: 6085 kbps | trace_bw: 6085 kbps
   t=41s | buffer: 3.6s | bitrate: 100 kbps | tp: 5742 kbps | trace_bw: 5742 kbps
   t=51s | buffer: 2.9s | bitrate: 100 kbps | tp: 5942 kbps | trace_bw: 5942 kbps
   t=61s | buffer: 1.8s | bitrate: 100 kbps | tp: 6034 kbps | trace_bw: 6034 kbps
   t=71s | buffer: 0.1s | bitrate: 100 kbps | tp: 6092 kbps | trace_bw: 6092 kbps
   t=81s | buffer: 3.1s | bitrate: 100 kbps | tp: 6043 kbps | trace_bw: 6043 kbps
   t=92s | buffer: 2.3s | bitrate: 100 kbps | tp: 6078 kbps | trace_bw: 6078 kbps
   t=102s | buffer: 1.2s | bitrate: 100 kbps | tp: 6089 kbps | trace_bw: 6089 kbps
   t=112s | buffer: 0.1s | bitrate: 100 kbps | tp: 6089 kbps | trace_bw: 6089 kbps
   t=122s | buffer: 3.1s | bitrate: 100 kbps | tp: 6089 kbps | trace_bw: 6089 kbps
   t=133s | buffer: 2.1s | bitrate: 4500 kbps | tp: 6089 kbps | trace_bw: 6089 kbps
   t=143s | buffer: 0.1s | bitrate: 4500 kbps | tp: 6090 kbps | trace_bw: 6090 kbps
   t=153s | buffer: 3.2s | bitrate: 4500 kbps | tp: 6089 kbps | trace_bw: 6089 kbps
   t=163s | buffer: 0.1s | bitrate: 4500 kbps | tp: 5564 kbps | trace_bw: 5564 kbps
   t=173s | buffer: 3.7s | bitrate: 4500 kbps | tp: 5373 kbps | trace_bw: 5373 kbps
   t=184s | buffer: 3.1s | bitrate: 4500 kbps | tp: 5923 kbps | trace_bw: 5923 kbps
   t=194s | buffer: 0.1s | bitrate: 4500 kbps | tp: 5772 kbps | trace_bw: 5772 kbps
   t=204s | buffer: 0.1s | bitrate: 4500 kbps | tp: 6089 kbps | trace_bw: 6089 kbps
   t=215s | buffer: 0.1s | bitrate: 4500 kbps | tp: 6089 kbps | trace_bw: 6089 kbps
   t=225s | buffer: 3.2s | bitrate: 4500 kbps | tp: 6089 kbps | trace_bw: 6089 kbps
   t=235s | buffer: 3.3s | bitrate: 4500 kbps | tp: 5921 kbps | trace_bw: 5921 kbps
   t=246s | buffer: 1.8s | bitrate: 4500 kbps | tp: 5292 kbps | trace_bw: 5292 kbps
   t=256s | buffer: 0.1s | bitrate: 4500 kbps | tp: 5447 kbps | trace_bw: 5447 kbps
   t=266s | buffer: 0.1s | bitrate: 4500 kbps | tp: 5854 kbps | trace_bw: 5854 kbps
   t=277s | buffer: 2.3s | bitrate: 4500 kbps | tp: 6068 kbps | trace_bw: 6068 kbps
   t=287s | buffer: 0.1s | bitrate: 4500 kbps | tp: 6092 kbps | trace_bw: 6092 kbps
   t=297s | buffer: 0.6s | bitrate: 4500 kbps | tp: 6053 kbps | trace_bw: 6053 kbps
   t=307s | buffer: 2.2s | bitrate: 4500 kbps | tp: 5988 kbps | trace_bw: 5988 kbps
   t=318s | buffer: 0.1s | bitrate: 4500 kbps | tp: 5689 kbps | trace_bw: 5689 kbps
   t=328s | buffer: 2.7s | bitrate: 4500 kbps | tp: 5808 kbps | trace_bw: 5808 kbps
   t=338s | buffer: 3.8s | bitrate: 4500 kbps | tp: 6092 kbps | trace_bw: 6092 kbps
   t=349s | buffer: 0.1s | bitrate: 4500 kbps | tp: 6094 kbps | trace_bw: 6094 kbps
   t=359s | buffer: 0.8s | bitrate: 4500 kbps | tp: 5854 kbps | trace_bw: 5854 kbps
   t=369s | buffer: 0.1s | bitrate: 4500 kbps | tp: 6041 kbps | trace_bw: 6041 kbps
   t=379s | buffer: 0.1s | bitrate: 4500 kbps | tp: 6089 kbps | trace_bw: 6089 kbps
   t=389s | buffer: 0.1s | bitrate: 4500 kbps | tp: 5907 kbps | trace_bw: 5907 kbps
   t=399s | buffer: 3.7s | bitrate: 4500 kbps | tp: 6087 kbps | trace_bw: 6087 kbps
   t=410s | buffer: 0.1s | bitrate: 4500 kbps | tp: 6089 kbps | trace_bw: 6089 kbps
   t=420s | buffer: 1.6s | bitrate: 4500 kbps | tp: 6089 kbps | trace_bw: 6089 kbps
   t=430s | buffer: 0.1s | bitrate: 4500 kbps | tp: 6092 kbps | trace_bw: 6092 kbps
   t=440s | buffer: 1.1s | bitrate: 4500 kbps | tp: 5728 kbps | trace_bw: 5728 kbps
   t=450s | buffer: 2.7s | bitrate: 4500 kbps | tp: 5428 kbps | trace_bw: 5428 kbps
   t=461s | buffer: 0.1s | bitrate: 4500 kbps | tp: 6092 kbps | trace_bw: 6092 kbps
   t=471s | buffer: 0.6s | bitrate: 4500 kbps | tp: 6094 kbps | trace_bw: 6094 kbps
   t=481s | buffer: 3.8s | bitrate: 4500 kbps | tp: 5940 kbps | trace_bw: 5940 kbps
   t=492s | buffer: 0.1s | bitrate: 4500 kbps | tp: 6092 kbps | trace_bw: 6092 kbps
   t=502s | buffer: 3.8s | bitrate: 4500 kbps | tp: 5799 kbps | trace_bw: 5799 kbps
   t=512s | buffer: 0.6s | bitrate: 4500 kbps | tp: 6089 kbps | trace_bw: 6089 kbps
   t=522s | buffer: 0.1s | bitrate: 4500 kbps | tp: 5972 kbps | trace_bw: 5972 kbps
   t=533s | buffer: 0.1s | bitrate: 4500 kbps | tp: 5930 kbps | trace_bw: 5930 kbps
   t=543s | buffer: 1.1s | bitrate: 4500 kbps | tp: 6094 kbps | trace_bw: 6094 kbps
   t=553s | buffer: 0.1s | bitrate: 4500 kbps | tp: 6129 kbps | trace_bw: 6129 kbps
   t=563s | buffer: 3.8s | bitrate: 4500 kbps | tp: 6090 kbps | trace_bw: 6090 kbps
   t=573s | buffer: 1.2s | bitrate: 4500 kbps | tp: 5718 kbps | trace_bw: 5718 kbps
   t=583s | buffer: 3.8s | bitrate: 4500 kbps | tp: 6050 kbps | trace_bw: 6050 kbps
   t=594s | buffer: 3.7s | bitrate: 4500 kbps | tp: 5907 kbps | trace_bw: 5907 kbps
   t=604s | buffer: 3.7s | bitrate: 4500 kbps | tp: 6046 kbps | trace_bw: 6046 kbps
   t=615s | buffer: 3.2s | bitrate: 4500 kbps | tp: 5921 kbps | trace_bw: 5921 kbps
   t=625s | buffer: 3.2s | bitrate: 4500 kbps | tp: 5919 kbps | trace_bw: 5919 kbps
Error occurred in event listener
Traceback (most recent call last):
  File "/home/ajhunjh1/.local/lib/python3.8/site-packages/playwright/_impl/_helper.py", line 296, in handle
    return await self._handle_internal(route)
  File "/home/ajhunjh1/.local/lib/python3.8/site-packages/playwright/_impl/_helper.py", line 332, in _handle_internal
    await handler_finished_future
  File "/home/ajhunjh1/.local/lib/python3.8/site-packages/playwright/_impl/_helper.py", line 323, in _handler
    self.handler(route, route.request)  # type: ignore
  File "/home/ajhunjh1/.local/lib/python3.8/site-packages/playwright/_impl/_impl_to_api_mapping.py", line 123, in wrapper_func
    return handler(
  File "benchmark.py", line 473, in _patch_dash_html
    resp = route.fetch()
  File "/home/ajhunjh1/.local/lib/python3.8/site-packages/playwright/sync_api/_generated.py", line 804, in fetch
    self._sync(
  File "/home/ajhunjh1/.local/lib/python3.8/site-packages/playwright/_impl/_sync_base.py", line 115, in _sync
    return task.result()
  File "/home/ajhunjh1/.local/lib/python3.8/site-packages/playwright/_impl/_network.py", line 457, in fetch
    return await self._connection.wrap_api_call(
  File "/home/ajhunjh1/.local/lib/python3.8/site-packages/playwright/_impl/_connection.py", line 520, in wrap_api_call
    raise rewrite_error(error, f"{parsed_st['apiName']}: {error}") from None
playwright._impl._errors.TargetClosedError: Route.fetch: Target page, context or browser has been closed
Call log:
→ GET http://localhost:8081/chunk-stream9-00101.m4s
  -   user-agent: Mozilla/5.0 (X11; Linux x86_64) AppleWebKit/537.36 (KHTML, like Gecko) HeadlessChrome/112.0.5615.49 Safari/537.36
  -   accept: */*
  -   accept-encoding: gzip,deflate,br
  -   referer: http://localhost:8081/?mpd=http://localhost:8081/manifest.mpd
  -   sec-ch-ua: 
  -   sec-ch-ua-mobile: ?0
  -   sec-ch-ua-platform: ""


During handling of the above exception, another exception occurred:

Traceback (most recent call last):
  File "/home/ajhunjh1/.local/lib/python3.8/site-packages/playwright/_impl/_page.py", line 297, in _on_route
    handled = await route_handler.handle(route)
  File "/home/ajhunjh1/.local/lib/python3.8/site-packages/playwright/_impl/_helper.py", line 305, in handle
    raise rewrite_error(
playwright._impl._errors.TargetClosedError: "Route.fetch: Target page, context or browser has been closed
Call log:
→ GET http://localhost:8081/chunk-stream9-00101.m4s
  -   user-agent: Mozilla/5.0 (X11; Linux x86_64) AppleWebKit/537.36 (KHTML, like Gecko) HeadlessChrome/112.0.5615.49 Safari/537.36
  -   accept: */*
  -   accept-encoding: gzip,deflate,br
  -   referer: http://localhost:8081/?mpd=http://localhost:8081/manifest.mpd
  -   sec-ch-ua: 
  -   sec-ch-ua-mobile: ?0
  -   sec-ch-ua-platform: ""
" while running route callback.
Consider awaiting `page.unroute_all(behavior='ignoreErrors')`
before the end of the test to ignore remaining routes in flight.

======================================================================
  BENCHMARK RESULTS (LLDASH / dash.js / BOLA)
======================================================================

  [TIMING]
      Startup delay:     1,786 ms
      Playback time:     398.4 s

  [BITRATE]
      Average (selected):  3,626 kbps
      Average (effective): 2,305 kbps
      Min / Max:           100 / 4,500 kbps
      Median:              4,500 kbps
      Std deviation:       1,755.8 kbps
      Variance:            3,082,735.6
      25th/75th %ile:      4,500 / 4,500 kbps

  [SWITCHES]
      Total count:       1
      Up / Down:         1 / 0
      Avg magnitude:     4,400 kbps

  [REBUFFERING]
      Events:            100
      Total time:        228,289 ms
      Ratio:             36.4274%
      Frequency:         15.060 per minute
      Avg duration:      2,283 ms
      Max duration:      14,513 ms

  [THROUGHPUT]
      Average:           5,961 kbps
      Median:            6,048 kbps
      Min / Max:         5,292 / 6,138 kbps
      Std deviation:     181.6 kbps

  [AVAILABLE BW (trace)]
      Average:           5,961 kbps
      Min / Max:         5,292 / 6,138 kbps
      Utilisation:       101.5%

  [BUFFER]
      Average level:     1.3 s
      Min / Max:         0.1 / 4.0 s

  [UTILIZATION]
      Bandwidth:         59.9%

======================================================================

[SAVED] results/fcc2016_sept/benchmark_lldash_fcc2016_sept_unit656870_tc_20260416_201426.json

──────────────────────────────────────────────────────────────────────
  [6/10] fcc2016_sept_unit799440_tc.csv
──────────────────────────────────────────────────────────────────────
[TRACE] fcc2016_sept_unit799440_tc.csv
[LLDASH-SHAPER] Triggering tc-trace via /startShaping API...
[LLDASH-SHAPER] tc-trace.py starting in container

======================================================================
  LLDASH Streaming QoE Benchmark (dash.js / BOLA)
======================================================================
  Server: http://localhost:8081/?mpd=http://localhost:8081/manifest.mpd
======================================================================

[TRACE] Loaded 1117 entries with bandwidth
[INFO] Auto-detected video duration 596s → max_duration=626s
[BROWSER] Launching headless Chromium...
[BROWSER] Waiting for playback to start...
   Startup delay: 1798ms

[PLAYBACK] Collecting metrics...
   t=10s | buffer: 2.9s | bitrate: 100 kbps | tp: 1908 kbps | trace_bw: 1908 kbps
   t=20s | buffer: 1.3s | bitrate: 100 kbps | tp: 1922 kbps | trace_bw: 1922 kbps
   t=31s | buffer: 0.1s | bitrate: 4500 kbps | tp: 1908 kbps | trace_bw: 1908 kbps
   t=41s | buffer: 3.8s | bitrate: 4500 kbps | tp: 1951 kbps | trace_bw: 1951 kbps
   t=51s | buffer: 0.1s | bitrate: 4500 kbps | tp: 1894 kbps | trace_bw: 1894 kbps
   t=61s | buffer: 1.4s | bitrate: 4500 kbps | tp: 1924 kbps | trace_bw: 1924 kbps
   t=72s | buffer: 3.8s | bitrate: 4500 kbps | tp: 1954 kbps | trace_bw: 1954 kbps
   t=82s | buffer: 0.1s | bitrate: 4500 kbps | tp: 1488 kbps | trace_bw: 1488 kbps
   t=92s | buffer: 0.1s | bitrate: 4500 kbps | tp: 1919 kbps | trace_bw: 1919 kbps
   t=103s | buffer: 0.1s | bitrate: 4500 kbps | tp: 1908 kbps | trace_bw: 1908 kbps
   t=113s | buffer: 0.1s | bitrate: 4500 kbps | tp: 1905 kbps | trace_bw: 1905 kbps
   t=124s | buffer: 3.7s | bitrate: 4500 kbps | tp: 1915 kbps | trace_bw: 1915 kbps
   t=134s | buffer: 0.1s | bitrate: 4500 kbps | tp: 1908 kbps | trace_bw: 1908 kbps
   t=144s | buffer: 0.1s | bitrate: 4500 kbps | tp: 1908 kbps | trace_bw: 1908 kbps
   t=155s | buffer: 0.1s | bitrate: 4500 kbps | tp: 1928 kbps | trace_bw: 1928 kbps
   t=165s | buffer: 1.6s | bitrate: 4500 kbps | tp: 1880 kbps | trace_bw: 1880 kbps
   t=175s | buffer: 0.1s | bitrate: 4500 kbps | tp: 1908 kbps | trace_bw: 1908 kbps
   t=186s | buffer: 0.1s | bitrate: 4500 kbps | tp: 1905 kbps | trace_bw: 1905 kbps
   t=196s | buffer: 3.9s | bitrate: 4500 kbps | tp: 1908 kbps | trace_bw: 1908 kbps
   t=207s | buffer: 0.1s | bitrate: 4500 kbps | tp: 1908 kbps | trace_bw: 1908 kbps
   t=217s | buffer: 1.6s | bitrate: 4500 kbps | tp: 1945 kbps | trace_bw: 1945 kbps
   t=227s | buffer: 3.8s | bitrate: 4500 kbps | tp: 1908 kbps | trace_bw: 1908 kbps
   t=238s | buffer: 0.1s | bitrate: 4500 kbps | tp: 1887 kbps | trace_bw: 1887 kbps
   t=248s | buffer: 0.1s | bitrate: 4500 kbps | tp: 1917 kbps | trace_bw: 1917 kbps
   t=259s | buffer: 3.8s | bitrate: 4500 kbps | tp: 1875 kbps | trace_bw: 1875 kbps
   t=269s | buffer: 0.1s | bitrate: 4500 kbps | tp: 1910 kbps | trace_bw: 1910 kbps
   t=279s | buffer: 1.6s | bitrate: 4500 kbps | tp: 1908 kbps | trace_bw: 1908 kbps
   t=289s | buffer: 3.2s | bitrate: 4500 kbps | tp: 1859 kbps | trace_bw: 1859 kbps
   t=300s | buffer: 0.1s | bitrate: 4500 kbps | tp: 1905 kbps | trace_bw: 1905 kbps
   t=310s | buffer: 0.1s | bitrate: 4500 kbps | tp: 1905 kbps | trace_bw: 1905 kbps
   t=321s | buffer: 0.1s | bitrate: 4500 kbps | tp: 1908 kbps | trace_bw: 1908 kbps
   t=331s | buffer: 2.3s | bitrate: 4500 kbps | tp: 1949 kbps | trace_bw: 1949 kbps
   t=341s | buffer: 3.7s | bitrate: 4500 kbps | tp: 1907 kbps | trace_bw: 1907 kbps
   t=351s | buffer: 0.1s | bitrate: 4500 kbps | tp: 1903 kbps | trace_bw: 1903 kbps
   t=362s | buffer: 3.8s | bitrate: 4500 kbps | tp: 1938 kbps | trace_bw: 1938 kbps
   t=372s | buffer: 0.1s | bitrate: 4500 kbps | tp: 1908 kbps | trace_bw: 1908 kbps
   t=383s | buffer: 1.9s | bitrate: 4500 kbps | tp: 1972 kbps | trace_bw: 1972 kbps
   t=393s | buffer: 0.1s | bitrate: 4500 kbps | tp: 1928 kbps | trace_bw: 1928 kbps
   t=403s | buffer: 3.2s | bitrate: 4500 kbps | tp: 1875 kbps | trace_bw: 1875 kbps
   t=413s | buffer: 0.1s | bitrate: 4500 kbps | tp: 1908 kbps | trace_bw: 1908 kbps
   t=424s | buffer: 0.1s | bitrate: 4500 kbps | tp: 1908 kbps | trace_bw: 1908 kbps
   t=434s | buffer: 0.6s | bitrate: 4500 kbps | tp: 1908 kbps | trace_bw: 1908 kbps
   t=444s | buffer: 0.1s | bitrate: 4500 kbps | tp: 1908 kbps | trace_bw: 1908 kbps
   t=454s | buffer: 2.2s | bitrate: 4500 kbps | tp: 1908 kbps | trace_bw: 1908 kbps
   t=465s | buffer: 0.1s | bitrate: 4500 kbps | tp: 1917 kbps | trace_bw: 1917 kbps
   t=475s | buffer: 1.7s | bitrate: 4500 kbps | tp: 1908 kbps | trace_bw: 1908 kbps
   t=485s | buffer: 3.2s | bitrate: 4500 kbps | tp: 1933 kbps | trace_bw: 1933 kbps
   t=495s | buffer: 0.1s | bitrate: 4500 kbps | tp: 1908 kbps | trace_bw: 1908 kbps
   t=505s | buffer: 1.1s | bitrate: 4500 kbps | tp: 1898 kbps | trace_bw: 1898 kbps
   t=515s | buffer: 0.1s | bitrate: 4500 kbps | tp: 1958 kbps | trace_bw: 1958 kbps
   t=525s | buffer: 0.6s | bitrate: 4500 kbps | tp: 1889 kbps | trace_bw: 1889 kbps
   t=535s | buffer: 0.1s | bitrate: 4500 kbps | tp: 1935 kbps | trace_bw: 1935 kbps
   t=546s | buffer: 2.3s | bitrate: 4500 kbps | tp: 1908 kbps | trace_bw: 1908 kbps
   t=556s | buffer: 0.1s | bitrate: 4500 kbps | tp: 1908 kbps | trace_bw: 1908 kbps
   t=566s | buffer: 1.1s | bitrate: 4500 kbps | tp: 1896 kbps | trace_bw: 1896 kbps
   t=576s | buffer: 2.7s | bitrate: 4500 kbps | tp: 1908 kbps | trace_bw: 1908 kbps
   t=586s | buffer: 0.7s | bitrate: 4500 kbps | tp: 1908 kbps | trace_bw: 1908 kbps
   t=596s | buffer: 0.1s | bitrate: 4500 kbps | tp: 1905 kbps | trace_bw: 1905 kbps
   t=607s | buffer: 2.9s | bitrate: 4500 kbps | tp: 1899 kbps | trace_bw: 1899 kbps
   t=617s | buffer: 0.1s | bitrate: 4500 kbps | tp: 1908 kbps | trace_bw: 1908 kbps
Error occurred in event listener
Traceback (most recent call last):
  File "/home/ajhunjh1/.local/lib/python3.8/site-packages/playwright/_impl/_helper.py", line 296, in handle
    return await self._handle_internal(route)
  File "/home/ajhunjh1/.local/lib/python3.8/site-packages/playwright/_impl/_helper.py", line 332, in _handle_internal
    await handler_finished_future
  File "/home/ajhunjh1/.local/lib/python3.8/site-packages/playwright/_impl/_helper.py", line 323, in _handler
    self.handler(route, route.request)  # type: ignore
  File "/home/ajhunjh1/.local/lib/python3.8/site-packages/playwright/_impl/_impl_to_api_mapping.py", line 123, in wrapper_func
    return handler(
  File "benchmark.py", line 473, in _patch_dash_html
    resp = route.fetch()
  File "/home/ajhunjh1/.local/lib/python3.8/site-packages/playwright/sync_api/_generated.py", line 804, in fetch
    self._sync(
  File "/home/ajhunjh1/.local/lib/python3.8/site-packages/playwright/_impl/_sync_base.py", line 115, in _sync
    return task.result()
  File "/home/ajhunjh1/.local/lib/python3.8/site-packages/playwright/_impl/_network.py", line 457, in fetch
    return await self._connection.wrap_api_call(
  File "/home/ajhunjh1/.local/lib/python3.8/site-packages/playwright/_impl/_connection.py", line 520, in wrap_api_call
    raise rewrite_error(error, f"{parsed_st['apiName']}: {error}") from None
playwright._impl._errors.TargetClosedError: Route.fetch: Target page, context or browser has been closed
Call log:
→ GET http://localhost:8081/chunk-stream9-00094.m4s
  -   user-agent: Mozilla/5.0 (X11; Linux x86_64) AppleWebKit/537.36 (KHTML, like Gecko) HeadlessChrome/112.0.5615.49 Safari/537.36
  -   accept: */*
  -   accept-encoding: gzip,deflate,br
  -   referer: http://localhost:8081/?mpd=http://localhost:8081/manifest.mpd
  -   sec-ch-ua: 
  -   sec-ch-ua-mobile: ?0
  -   sec-ch-ua-platform: ""
  - ← 200 OK
  -   server: SimpleHTTP/0.6 Python/3.11.15
  -   date: Fri, 17 Apr 2026 03:35:27 GMT
  -   content-type: video/iso.segment
  -   content-length: 1028816
  -   last-modified: Thu, 19 Mar 2026 03:31:25 GMT
  -   access-control-allow-origin: *
  -   access-control-allow-methods: GET, OPTIONS
  -   access-control-allow-headers: Content-Type, Range
  -   access-control-expose-headers: Content-Length, Content-Range
  -   cache-control: public, max-age=86400


During handling of the above exception, another exception occurred:

Traceback (most recent call last):
  File "/home/ajhunjh1/.local/lib/python3.8/site-packages/playwright/_impl/_page.py", line 297, in _on_route
    handled = await route_handler.handle(route)
  File "/home/ajhunjh1/.local/lib/python3.8/site-packages/playwright/_impl/_helper.py", line 305, in handle
    raise rewrite_error(
playwright._impl._errors.TargetClosedError: "Route.fetch: Target page, context or browser has been closed
Call log:
→ GET http://localhost:8081/chunk-stream9-00094.m4s
  -   user-agent: Mozilla/5.0 (X11; Linux x86_64) AppleWebKit/537.36 (KHTML, like Gecko) HeadlessChrome/112.0.5615.49 Safari/537.36
  -   accept: */*
  -   accept-encoding: gzip,deflate,br
  -   referer: http://localhost:8081/?mpd=http://localhost:8081/manifest.mpd
  -   sec-ch-ua: 
  -   sec-ch-ua-mobile: ?0
  -   sec-ch-ua-platform: ""
  - ← 200 OK
  -   server: SimpleHTTP/0.6 Python/3.11.15
  -   date: Fri, 17 Apr 2026 03:35:27 GMT
  -   content-type: video/iso.segment
  -   content-length: 1028816
  -   last-modified: Thu, 19 Mar 2026 03:31:25 GMT
  -   access-control-allow-origin: *
  -   access-control-allow-methods: GET, OPTIONS
  -   access-control-allow-headers: Content-Type, Range
  -   access-control-expose-headers: Content-Length, Content-Range
  -   cache-control: public, max-age=86400
" while running route callback.
Consider awaiting `page.unroute_all(behavior='ignoreErrors')`
before the end of the test to ignore remaining routes in flight.

======================================================================
  BENCHMARK RESULTS (LLDASH / dash.js / BOLA)
======================================================================

  [TIMING]
      Startup delay:     1,798 ms
      Playback time:     370.9 s

  [BITRATE]
      Average (selected):  4,353 kbps
      Average (effective): 2,576 kbps
      Min / Max:           100 / 4,500 kbps
      Median:              4,500 kbps
      Std deviation:       792.0 kbps
      Variance:            627,186.4
      25th/75th %ile:      4,500 / 4,500 kbps

  [SWITCHES]
      Total count:       1
      Up / Down:         1 / 0
      Avg magnitude:     4,400 kbps

  [REBUFFERING]
      Events:            93
      Total time:        255,846 ms
      Ratio:             40.8212%
      Frequency:         15.044 per minute
      Avg duration:      2,751 ms
      Max duration:      8,939 ms

  [THROUGHPUT]
      Average:           1,895 kbps
      Median:            1,908 kbps
      Min / Max:         823 / 1,972 kbps
      Std deviation:     107.2 kbps

  [AVAILABLE BW (trace)]
      Average:           1,895 kbps
      Min / Max:         823 / 1,972 kbps
      Utilisation:       100.7%

  [BUFFER]
      Average level:     1.3 s
      Min / Max:         0.1 / 4.0 s

  [UTILIZATION]
      Bandwidth:         228.1%

======================================================================

[SAVED] results/fcc2016_sept/benchmark_lldash_fcc2016_sept_unit799440_tc_20260416_202458.json

──────────────────────────────────────────────────────────────────────
  [7/10] fcc2016_sept_unit806274_tc.csv
──────────────────────────────────────────────────────────────────────
[TRACE] fcc2016_sept_unit806274_tc.csv
[LLDASH-SHAPER] Triggering tc-trace via /startShaping API...
[LLDASH-SHAPER] tc-trace.py starting in container

======================================================================
  LLDASH Streaming QoE Benchmark (dash.js / BOLA)
======================================================================
  Server: http://localhost:8081/?mpd=http://localhost:8081/manifest.mpd
======================================================================

[TRACE] Loaded 458 entries with bandwidth
[INFO] Auto-detected video duration 596s → max_duration=626s
[BROWSER] Launching headless Chromium...
[BROWSER] Waiting for playback to start...
   Startup delay: 1797ms

[PLAYBACK] Collecting metrics...
   t=10s | buffer: 3.1s | bitrate: 100 kbps | tp: 2614 kbps | trace_bw: 2614 kbps
   t=20s | buffer: 2.3s | bitrate: 100 kbps | tp: 3305 kbps | trace_bw: 3305 kbps
   t=31s | buffer: 1.3s | bitrate: 100 kbps | tp: 3285 kbps | trace_bw: 3285 kbps
   t=41s | buffer: 0.1s | bitrate: 100 kbps | tp: 3269 kbps | trace_bw: 3269 kbps
   t=51s | buffer: 3.4s | bitrate: 100 kbps | tp: 3304 kbps | trace_bw: 3304 kbps
   t=61s | buffer: 0.1s | bitrate: 4500 kbps | tp: 3275 kbps | trace_bw: 3275 kbps
   t=72s | buffer: 0.1s | bitrate: 4500 kbps | tp: 3283 kbps | trace_bw: 3283 kbps
   t=82s | buffer: 2.2s | bitrate: 4500 kbps | tp: 3281 kbps | trace_bw: 3281 kbps
   t=92s | buffer: 0.1s | bitrate: 4500 kbps | tp: 3308 kbps | trace_bw: 3308 kbps
   t=102s | buffer: 3.2s | bitrate: 4500 kbps | tp: 3014 kbps | trace_bw: 3014 kbps
   t=113s | buffer: 3.2s | bitrate: 4500 kbps | tp: 3290 kbps | trace_bw: 3290 kbps
   t=123s | buffer: 3.2s | bitrate: 4500 kbps | tp: 3283 kbps | trace_bw: 3283 kbps
   t=134s | buffer: 0.1s | bitrate: 4500 kbps | tp: 3288 kbps | trace_bw: 3288 kbps
   t=144s | buffer: 2.1s | bitrate: 4500 kbps | tp: 3281 kbps | trace_bw: 3281 kbps
   t=154s | buffer: 1.7s | bitrate: 4500 kbps | tp: 3279 kbps | trace_bw: 3279 kbps
   t=164s | buffer: 0.1s | bitrate: 4500 kbps | tp: 3276 kbps | trace_bw: 3276 kbps
   t=174s | buffer: 0.1s | bitrate: 4500 kbps | tp: 3284 kbps | trace_bw: 3284 kbps
Error occurred in event listener
Traceback (most recent call last):
  File "/home/ajhunjh1/.local/lib/python3.8/site-packages/playwright/_impl/_page.py", line 297, in _on_route
    handled = await route_handler.handle(route)
  File "/home/ajhunjh1/.local/lib/python3.8/site-packages/playwright/_impl/_helper.py", line 309, in handle
    raise e
  File "/home/ajhunjh1/.local/lib/python3.8/site-packages/playwright/_impl/_helper.py", line 296, in handle
    return await self._handle_internal(route)
  File "/home/ajhunjh1/.local/lib/python3.8/site-packages/playwright/_impl/_helper.py", line 332, in _handle_internal
    await handler_finished_future
  File "/home/ajhunjh1/.local/lib/python3.8/site-packages/playwright/_impl/_helper.py", line 323, in _handler
    self.handler(route, route.request)  # type: ignore
  File "/home/ajhunjh1/.local/lib/python3.8/site-packages/playwright/_impl/_impl_to_api_mapping.py", line 123, in wrapper_func
    return handler(
  File "benchmark.py", line 473, in _patch_dash_html
    resp = route.fetch()
  File "/home/ajhunjh1/.local/lib/python3.8/site-packages/playwright/sync_api/_generated.py", line 804, in fetch
    self._sync(
  File "/home/ajhunjh1/.local/lib/python3.8/site-packages/playwright/_impl/_sync_base.py", line 115, in _sync
    return task.result()
  File "/home/ajhunjh1/.local/lib/python3.8/site-packages/playwright/_impl/_network.py", line 457, in fetch
    return await self._connection.wrap_api_call(
  File "/home/ajhunjh1/.local/lib/python3.8/site-packages/playwright/_impl/_connection.py", line 520, in wrap_api_call
    raise rewrite_error(error, f"{parsed_st['apiName']}: {error}") from None
playwright._impl._errors.Error: Route.fetch: read ECONNRESET
Call log:
→ GET http://localhost:8081/chunk-stream9-00029.m4s
  -   user-agent: Mozilla/5.0 (X11; Linux x86_64) AppleWebKit/537.36 (KHTML, like Gecko) HeadlessChrome/112.0.5615.49 Safari/537.36
  -   accept: */*
  -   accept-encoding: gzip,deflate,br
  -   referer: http://localhost:8081/?mpd=http://localhost:8081/manifest.mpd
  -   sec-ch-ua: 
  -   sec-ch-ua-mobile: ?0
  -   sec-ch-ua-platform: ""

   t=185s | buffer: 0.1s | bitrate: 4500 kbps | tp: 3305 kbps | trace_bw: 3305 kbps
   t=195s | buffer: 0.1s | bitrate: 4500 kbps | tp: 2447 kbps | trace_bw: 2447 kbps
   t=206s | buffer: 0.1s | bitrate: 4500 kbps | tp: 1800 kbps | trace_bw: 1800 kbps
   t=216s | buffer: 0.1s | bitrate: 4500 kbps | tp: 2496 kbps | trace_bw: 2496 kbps
   t=226s | buffer: 0.8s | bitrate: 4500 kbps | tp: 3256 kbps | trace_bw: 3256 kbps
   t=236s | buffer: 2.7s | bitrate: 4500 kbps | tp: 2114 kbps | trace_bw: 2114 kbps
   t=246s | buffer: 0.1s | bitrate: 4500 kbps | tp: 2906 kbps | trace_bw: 2906 kbps
   t=256s | buffer: 1.3s | bitrate: 4500 kbps | tp: 3068 kbps | trace_bw: 3068 kbps
   t=267s | buffer: 0.7s | bitrate: 4500 kbps | tp: 3293 kbps | trace_bw: 3293 kbps
   t=277s | buffer: 0.7s | bitrate: 4500 kbps | tp: 3270 kbps | trace_bw: 3270 kbps
   t=287s | buffer: 3.3s | bitrate: 4500 kbps | tp: 2680 kbps | trace_bw: 2680 kbps
   t=298s | buffer: 0.1s | bitrate: 4500 kbps | tp: 1969 kbps | trace_bw: 1969 kbps
   t=308s | buffer: 0.1s | bitrate: 4500 kbps | tp: 3306 kbps | trace_bw: 3306 kbps
   t=318s | buffer: 3.8s | bitrate: 4500 kbps | tp: 2486 kbps | trace_bw: 2486 kbps
   t=329s | buffer: 0.7s | bitrate: 4500 kbps | tp: 2830 kbps | trace_bw: 2830 kbps
   t=339s | buffer: 3.9s | bitrate: 4500 kbps | tp: 3282 kbps | trace_bw: 3282 kbps
   t=349s | buffer: 0.1s | bitrate: 4500 kbps | tp: 3275 kbps | trace_bw: 3275 kbps
   t=359s | buffer: 0.6s | bitrate: 4500 kbps | tp: 2669 kbps | trace_bw: 2669 kbps
   t=369s | buffer: 0.1s | bitrate: 4500 kbps | tp: 2634 kbps | trace_bw: 2634 kbps
   t=380s | buffer: 1.1s | bitrate: 4500 kbps | tp: 2367 kbps | trace_bw: 2367 kbps
   t=390s | buffer: 2.2s | bitrate: 4500 kbps | tp: 3291 kbps | trace_bw: 3291 kbps
   t=400s | buffer: 3.7s | bitrate: 4500 kbps | tp: 3279 kbps | trace_bw: 3279 kbps
   t=410s | buffer: 0.1s | bitrate: 4500 kbps | tp: 3254 kbps | trace_bw: 3254 kbps
   t=421s | buffer: 3.9s | bitrate: 4500 kbps | tp: 3286 kbps | trace_bw: 3286 kbps
   t=431s | buffer: 0.1s | bitrate: 4500 kbps | tp: 3308 kbps | trace_bw: 3308 kbps
   t=441s | buffer: 2.2s | bitrate: 4500 kbps | tp: 2470 kbps | trace_bw: 2470 kbps
   t=452s | buffer: 3.8s | bitrate: 4500 kbps | tp: 3266 kbps | trace_bw: 3266 kbps
   t=462s | buffer: 0.1s | bitrate: 4500 kbps | tp: 3300 kbps | trace_bw: 3300 kbps
   t=473s | buffer: 0.1s | bitrate: 4500 kbps | tp: 3296 kbps | trace_bw: 3296 kbps
   t=483s | buffer: 0.1s | bitrate: 4500 kbps | tp: 2882 kbps | trace_bw: 2882 kbps
   t=493s | buffer: 0.1s | bitrate: 4500 kbps | tp: 3279 kbps | trace_bw: 3279 kbps
   t=504s | buffer: 0.1s | bitrate: 4500 kbps | tp: 3300 kbps | trace_bw: 3300 kbps
   t=514s | buffer: 0.1s | bitrate: 4500 kbps | tp: 3292 kbps | trace_bw: 3292 kbps
   t=524s | buffer: 0.1s | bitrate: 4500 kbps | tp: 3281 kbps | trace_bw: 3281 kbps
   t=534s | buffer: 0.1s | bitrate: 4500 kbps | tp: 3307 kbps | trace_bw: 3307 kbps
   t=545s | buffer: 0.1s | bitrate: 4500 kbps | tp: 3303 kbps | trace_bw: 3303 kbps
   t=555s | buffer: 3.1s | bitrate: 4500 kbps | tp: 3278 kbps | trace_bw: 3278 kbps
   t=566s | buffer: 0.1s | bitrate: 4500 kbps | tp: 3314 kbps | trace_bw: 3314 kbps
   t=576s | buffer: 2.2s | bitrate: 4500 kbps | tp: 3282 kbps | trace_bw: 3282 kbps
   t=586s | buffer: 0.1s | bitrate: 4500 kbps | tp: 3290 kbps | trace_bw: 3290 kbps
   t=596s | buffer: 0.1s | bitrate: 4500 kbps | tp: 3267 kbps | trace_bw: 3267 kbps
   t=607s | buffer: 0.7s | bitrate: 4500 kbps | tp: 3274 kbps | trace_bw: 3274 kbps
   t=617s | buffer: 0.1s | bitrate: 4500 kbps | tp: 3259 kbps | trace_bw: 3259 kbps
Error occurred in event listener
Traceback (most recent call last):
  File "/home/ajhunjh1/.local/lib/python3.8/site-packages/playwright/_impl/_helper.py", line 296, in handle
    return await self._handle_internal(route)
  File "/home/ajhunjh1/.local/lib/python3.8/site-packages/playwright/_impl/_helper.py", line 332, in _handle_internal
    await handler_finished_future
  File "/home/ajhunjh1/.local/lib/python3.8/site-packages/playwright/_impl/_helper.py", line 323, in _handler
    self.handler(route, route.request)  # type: ignore
  File "/home/ajhunjh1/.local/lib/python3.8/site-packages/playwright/_impl/_impl_to_api_mapping.py", line 123, in wrapper_func
    return handler(
  File "benchmark.py", line 473, in _patch_dash_html
    resp = route.fetch()
  File "/home/ajhunjh1/.local/lib/python3.8/site-packages/playwright/sync_api/_generated.py", line 804, in fetch
    self._sync(
  File "/home/ajhunjh1/.local/lib/python3.8/site-packages/playwright/_impl/_sync_base.py", line 115, in _sync
    return task.result()
  File "/home/ajhunjh1/.local/lib/python3.8/site-packages/playwright/_impl/_network.py", line 457, in fetch
    return await self._connection.wrap_api_call(
  File "/home/ajhunjh1/.local/lib/python3.8/site-packages/playwright/_impl/_connection.py", line 520, in wrap_api_call
    raise rewrite_error(error, f"{parsed_st['apiName']}: {error}") from None
playwright._impl._errors.TargetClosedError: Route.fetch: Target page, context or browser has been closed
Call log:
→ GET http://localhost:8081/chunk-stream9-00084.m4s
  -   user-agent: Mozilla/5.0 (X11; Linux x86_64) AppleWebKit/537.36 (KHTML, like Gecko) HeadlessChrome/112.0.5615.49 Safari/537.36
  -   accept: */*
  -   accept-encoding: gzip,deflate,br
  -   referer: http://localhost:8081/?mpd=http://localhost:8081/manifest.mpd
  -   sec-ch-ua: 
  -   sec-ch-ua-mobile: ?0
  -   sec-ch-ua-platform: ""
  - ← 200 OK
  -   server: SimpleHTTP/0.6 Python/3.11.15
  -   date: Fri, 17 Apr 2026 03:45:57 GMT
  -   content-type: video/iso.segment
  -   content-length: 1976922
  -   last-modified: Thu, 19 Mar 2026 03:31:17 GMT
  -   access-control-allow-origin: *
  -   access-control-allow-methods: GET, OPTIONS
  -   access-control-allow-headers: Content-Type, Range
  -   access-control-expose-headers: Content-Length, Content-Range
  -   cache-control: public, max-age=86400


During handling of the above exception, another exception occurred:

Traceback (most recent call last):
  File "/home/ajhunjh1/.local/lib/python3.8/site-packages/playwright/_impl/_page.py", line 297, in _on_route
    handled = await route_handler.handle(route)
  File "/home/ajhunjh1/.local/lib/python3.8/site-packages/playwright/_impl/_helper.py", line 305, in handle
    raise rewrite_error(
playwright._impl._errors.TargetClosedError: "Route.fetch: Target page, context or browser has been closed
Call log:
→ GET http://localhost:8081/chunk-stream9-00084.m4s
  -   user-agent: Mozilla/5.0 (X11; Linux x86_64) AppleWebKit/537.36 (KHTML, like Gecko) HeadlessChrome/112.0.5615.49 Safari/537.36
  -   accept: */*
  -   accept-encoding: gzip,deflate,br
  -   referer: http://localhost:8081/?mpd=http://localhost:8081/manifest.mpd
  -   sec-ch-ua: 
  -   sec-ch-ua-mobile: ?0
  -   sec-ch-ua-platform: ""
  - ← 200 OK
  -   server: SimpleHTTP/0.6 Python/3.11.15
  -   date: Fri, 17 Apr 2026 03:45:57 GMT
  -   content-type: video/iso.segment
  -   content-length: 1976922
  -   last-modified: Thu, 19 Mar 2026 03:31:17 GMT
  -   access-control-allow-origin: *
  -   access-control-allow-methods: GET, OPTIONS
  -   access-control-allow-headers: Content-Type, Range
  -   access-control-expose-headers: Content-Length, Content-Range
  -   cache-control: public, max-age=86400
" while running route callback.
Consider awaiting `page.unroute_all(behavior='ignoreErrors')`
before the end of the test to ignore remaining routes in flight.

======================================================================
  BENCHMARK RESULTS (LLDASH / dash.js / BOLA)
======================================================================

  [TIMING]
      Startup delay:     1,797 ms
      Playback time:     331.9 s

  [BITRATE]
      Average (selected):  4,093 kbps
      Average (effective): 2,167 kbps
      Min / Max:           100 / 4,500 kbps
      Median:              4,500 kbps
      Std deviation:       1,274.8 kbps
      Variance:            1,625,213.9
      25th/75th %ile:      4,500 / 4,500 kbps

  [SWITCHES]
      Total count:       1
      Up / Down:         1 / 0
      Avg magnitude:     4,400 kbps

  [REBUFFERING]
      Events:            84
      Total time:        294,934 ms
      Ratio:             47.0521%
      Frequency:         15.186 per minute
      Avg duration:      3,541 ms
      Max duration:      45,352 ms

  [THROUGHPUT]
      Average:           3,080 kbps
      Median:            3,279 kbps
      Min / Max:         1,573 / 3,326 kbps
      Std deviation:     378.1 kbps

  [AVAILABLE BW (trace)]
      Average:           3,080 kbps
      Min / Max:         1,573 / 3,326 kbps
      Utilisation:       106.5%

  [BUFFER]
      Average level:     1.1 s
      Min / Max:         0.0 / 4.1 s

  [UTILIZATION]
      Bandwidth:         124.8%

======================================================================

[SAVED] results/fcc2016_sept/benchmark_lldash_fcc2016_sept_unit806274_tc_20260416_203530.json

──────────────────────────────────────────────────────────────────────
  [8/10] fcc2016_sept_unit8814_tc.csv
──────────────────────────────────────────────────────────────────────
[TRACE] fcc2016_sept_unit8814_tc.csv
[LLDASH-SHAPER] Triggering tc-trace via /startShaping API...
[LLDASH-SHAPER] tc-trace.py starting in container

======================================================================
  LLDASH Streaming QoE Benchmark (dash.js / BOLA)
======================================================================
  Server: http://localhost:8081/?mpd=http://localhost:8081/manifest.mpd
======================================================================

[TRACE] Loaded 455 entries with bandwidth
[INFO] Auto-detected video duration 596s → max_duration=626s
[BROWSER] Launching headless Chromium...
[BROWSER] Waiting for playback to start...
   Startup delay: 2435ms

[PLAYBACK] Collecting metrics...
   t=10s | buffer: 3.1s | bitrate: 100 kbps | tp: 144771 kbps | trace_bw: 144771 kbps
   t=20s | buffer: 2.3s | bitrate: 100 kbps | tp: 149221 kbps | trace_bw: 149221 kbps
   t=31s | buffer: 1.2s | bitrate: 100 kbps | tp: 148736 kbps | trace_bw: 148736 kbps
   t=41s | buffer: 0.1s | bitrate: 100 kbps | tp: 148835 kbps | trace_bw: 148835 kbps
   t=51s | buffer: 3.1s | bitrate: 100 kbps | tp: 148009 kbps | trace_bw: 148009 kbps
   t=61s | buffer: 2.3s | bitrate: 100 kbps | tp: 149263 kbps | trace_bw: 149263 kbps
   t=71s | buffer: 0.1s | bitrate: 4500 kbps | tp: 141421 kbps | trace_bw: 141421 kbps
   t=81s | buffer: 1.1s | bitrate: 4500 kbps | tp: 146466 kbps | trace_bw: 146466 kbps
   t=92s | buffer: 3.8s | bitrate: 4500 kbps | tp: 147363 kbps | trace_bw: 147363 kbps
   t=102s | buffer: 2.7s | bitrate: 4500 kbps | tp: 147312 kbps | trace_bw: 147312 kbps
   t=112s | buffer: 0.7s | bitrate: 4500 kbps | tp: 149171 kbps | trace_bw: 149171 kbps
   t=122s | buffer: 0.1s | bitrate: 4500 kbps | tp: 151485 kbps | trace_bw: 151485 kbps
   t=133s | buffer: 0.8s | bitrate: 4500 kbps | tp: 149711 kbps | trace_bw: 149711 kbps
   t=143s | buffer: 2.2s | bitrate: 4500 kbps | tp: 145165 kbps | trace_bw: 145165 kbps
   t=153s | buffer: 0.1s | bitrate: 4500 kbps | tp: 148694 kbps | trace_bw: 148694 kbps
   t=163s | buffer: 1.1s | bitrate: 4500 kbps | tp: 142509 kbps | trace_bw: 142509 kbps
   t=174s | buffer: 0.1s | bitrate: 4500 kbps | tp: 147394 kbps | trace_bw: 147394 kbps
   t=184s | buffer: 1.7s | bitrate: 4500 kbps | tp: 147685 kbps | trace_bw: 147685 kbps
   t=194s | buffer: 3.8s | bitrate: 4500 kbps | tp: 151132 kbps | trace_bw: 151132 kbps
   t=204s | buffer: 0.1s | bitrate: 4500 kbps | tp: 149056 kbps | trace_bw: 149056 kbps
   t=214s | buffer: 2.2s | bitrate: 4500 kbps | tp: 153016 kbps | trace_bw: 153016 kbps
   t=224s | buffer: 0.1s | bitrate: 4500 kbps | tp: 150194 kbps | trace_bw: 150194 kbps
   t=235s | buffer: 3.8s | bitrate: 4500 kbps | tp: 146941 kbps | trace_bw: 146941 kbps
   t=245s | buffer: 0.1s | bitrate: 4500 kbps | tp: 144065 kbps | trace_bw: 144065 kbps
   t=255s | buffer: 1.7s | bitrate: 4500 kbps | tp: 148317 kbps | trace_bw: 148317 kbps
   t=265s | buffer: 0.1s | bitrate: 4500 kbps | tp: 150909 kbps | trace_bw: 150909 kbps
   t=275s | buffer: 1.7s | bitrate: 4500 kbps | tp: 142724 kbps | trace_bw: 142724 kbps
   t=286s | buffer: 0.1s | bitrate: 4500 kbps | tp: 148471 kbps | trace_bw: 148471 kbps
   t=296s | buffer: 0.1s | bitrate: 4500 kbps | tp: 146065 kbps | trace_bw: 146065 kbps
   t=306s | buffer: 0.1s | bitrate: 4500 kbps | tp: 139404 kbps | trace_bw: 139404 kbps
   t=317s | buffer: 0.1s | bitrate: 4500 kbps | tp: 151280 kbps | trace_bw: 151280 kbps
   t=327s | buffer: 2.9s | bitrate: 4500 kbps | tp: 148059 kbps | trace_bw: 148059 kbps
   t=337s | buffer: 0.1s | bitrate: 4500 kbps | tp: 149359 kbps | trace_bw: 149359 kbps
   t=348s | buffer: 0.1s | bitrate: 4500 kbps | tp: 151676 kbps | trace_bw: 151676 kbps
   t=358s | buffer: 2.2s | bitrate: 4500 kbps | tp: 146998 kbps | trace_bw: 146998 kbps
   t=368s | buffer: 3.8s | bitrate: 4500 kbps | tp: 147619 kbps | trace_bw: 147619 kbps
   t=378s | buffer: 0.1s | bitrate: 4500 kbps | tp: 146999 kbps | trace_bw: 146999 kbps
   t=388s | buffer: 0.1s | bitrate: 4500 kbps | tp: 139276 kbps | trace_bw: 139276 kbps
   t=398s | buffer: 0.6s | bitrate: 4500 kbps | tp: 144965 kbps | trace_bw: 144965 kbps
   t=408s | buffer: 3.3s | bitrate: 4500 kbps | tp: 154582 kbps | trace_bw: 154582 kbps
   t=419s | buffer: 0.1s | bitrate: 4500 kbps | tp: 151452 kbps | trace_bw: 151452 kbps
   t=429s | buffer: 2.2s | bitrate: 4500 kbps | tp: 146621 kbps | trace_bw: 146621 kbps
   t=439s | buffer: 0.1s | bitrate: 4500 kbps | tp: 151064 kbps | trace_bw: 151064 kbps
   t=450s | buffer: 2.1s | bitrate: 4500 kbps | tp: 150066 kbps | trace_bw: 150066 kbps
   t=460s | buffer: 3.8s | bitrate: 4500 kbps | tp: 151006 kbps | trace_bw: 151006 kbps
   t=470s | buffer: 0.1s | bitrate: 4500 kbps | tp: 148112 kbps | trace_bw: 148112 kbps
   t=480s | buffer: 3.2s | bitrate: 4500 kbps | tp: 149297 kbps | trace_bw: 149297 kbps
   t=491s | buffer: 0.1s | bitrate: 4500 kbps | tp: 143363 kbps | trace_bw: 143363 kbps
   t=501s | buffer: 2.2s | bitrate: 4500 kbps | tp: 150437 kbps | trace_bw: 150437 kbps
   t=511s | buffer: 0.1s | bitrate: 4500 kbps | tp: 140018 kbps | trace_bw: 140018 kbps
   t=521s | buffer: 3.3s | bitrate: 4500 kbps | tp: 148534 kbps | trace_bw: 148534 kbps
   t=531s | buffer: 3.7s | bitrate: 4500 kbps | tp: 146200 kbps | trace_bw: 146200 kbps
   t=542s | buffer: 0.1s | bitrate: 4500 kbps | tp: 147632 kbps | trace_bw: 147632 kbps
   t=552s | buffer: 3.2s | bitrate: 4500 kbps | tp: 149231 kbps | trace_bw: 149231 kbps
   t=563s | buffer: 3.8s | bitrate: 4500 kbps | tp: 149804 kbps | trace_bw: 149804 kbps
   t=573s | buffer: 0.1s | bitrate: 4500 kbps | tp: 148570 kbps | trace_bw: 148570 kbps
   t=583s | buffer: 0.1s | bitrate: 4500 kbps | tp: 149459 kbps | trace_bw: 149459 kbps
   t=593s | buffer: 3.2s | bitrate: 4500 kbps | tp: 145838 kbps | trace_bw: 145838 kbps
   t=603s | buffer: 0.1s | bitrate: 4500 kbps | tp: 143734 kbps | trace_bw: 143734 kbps
   t=614s | buffer: 2.1s | bitrate: 4500 kbps | tp: 152533 kbps | trace_bw: 152533 kbps
   t=624s | buffer: 0.1s | bitrate: 4500 kbps | tp: 147175 kbps | trace_bw: 147175 kbps

======================================================================
  BENCHMARK RESULTS (LLDASH / dash.js / BOLA)
======================================================================

  [TIMING]
      Startup delay:     2,435 ms
      Playback time:     369.4 s

  [BITRATE]
      Average (selected):  4,061 kbps
      Average (effective): 2,394 kbps
      Min / Max:           100 / 4,500 kbps
      Median:              4,500 kbps
      Std deviation:       1,318.6 kbps
      Variance:            1,738,690.7
      25th/75th %ile:      4,500 / 4,500 kbps

  [SWITCHES]
      Total count:       1
      Up / Down:         1 / 0
      Avg magnitude:     4,400 kbps

  [REBUFFERING]
      Events:            93
      Total time:        257,097 ms
      Ratio:             41.0377%
      Frequency:         15.106 per minute
      Avg duration:      2,764 ms
      Max duration:      16,583 ms

  [THROUGHPUT]
      Average:           147,613 kbps
      Median:            148,009 kbps
      Min / Max:         136,057 / 154,582 kbps
      Std deviation:     3,109.1 kbps

  [AVAILABLE BW (trace)]
      Average:           147,613 kbps
      Min / Max:         136,057 / 154,582 kbps
      Utilisation:       100.3%

  [BUFFER]
      Average level:     1.3 s
      Min / Max:         0.1 / 4.0 s

  [UTILIZATION]
      Bandwidth:         2.7%

======================================================================

[SAVED] results/fcc2016_sept/benchmark_lldash_fcc2016_sept_unit8814_tc_20260416_204602.json

──────────────────────────────────────────────────────────────────────
  [9/10] fcc2016_sept_unit925854_tc.csv
──────────────────────────────────────────────────────────────────────
[TRACE] fcc2016_sept_unit925854_tc.csv
[LLDASH-SHAPER] Triggering tc-trace via /startShaping API...
[LLDASH-SHAPER] tc-trace.py starting in container

======================================================================
  LLDASH Streaming QoE Benchmark (dash.js / BOLA)
======================================================================
  Server: http://localhost:8081/?mpd=http://localhost:8081/manifest.mpd
======================================================================

[TRACE] Loaded 459 entries with bandwidth
[INFO] Auto-detected video duration 596s → max_duration=626s
[BROWSER] Launching headless Chromium...
[BROWSER] Waiting for playback to start...
   Startup delay: 1802ms

[PLAYBACK] Collecting metrics...
   t=10s | buffer: 3.4s | bitrate: 100 kbps | tp: 28648 kbps | trace_bw: 28648 kbps
   t=21s | buffer: 1.3s | bitrate: 4500 kbps | tp: 28660 kbps | trace_bw: 28660 kbps
   t=31s | buffer: 1.2s | bitrate: 4500 kbps | tp: 28638 kbps | trace_bw: 28638 kbps
   t=41s | buffer: 0.1s | bitrate: 4500 kbps | tp: 28173 kbps | trace_bw: 28173 kbps
   t=52s | buffer: 0.1s | bitrate: 4500 kbps | tp: 28656 kbps | trace_bw: 28656 kbps
   t=62s | buffer: 0.1s | bitrate: 4500 kbps | tp: 28641 kbps | trace_bw: 28641 kbps
   t=72s | buffer: 2.1s | bitrate: 4500 kbps | tp: 28647 kbps | trace_bw: 28647 kbps
   t=82s | buffer: 0.1s | bitrate: 4500 kbps | tp: 28630 kbps | trace_bw: 28630 kbps
   t=93s | buffer: 0.1s | bitrate: 4500 kbps | tp: 28654 kbps | trace_bw: 28654 kbps
   t=103s | buffer: 0.1s | bitrate: 4500 kbps | tp: 26971 kbps | trace_bw: 26971 kbps
   t=113s | buffer: 2.8s | bitrate: 4500 kbps | tp: 28648 kbps | trace_bw: 28648 kbps
   t=124s | buffer: 1.7s | bitrate: 4500 kbps | tp: 28626 kbps | trace_bw: 28626 kbps
   t=134s | buffer: 2.1s | bitrate: 4500 kbps | tp: 28644 kbps | trace_bw: 28644 kbps
   t=144s | buffer: 2.2s | bitrate: 4500 kbps | tp: 28656 kbps | trace_bw: 28656 kbps
   t=154s | buffer: 3.8s | bitrate: 4500 kbps | tp: 28649 kbps | trace_bw: 28649 kbps
   t=165s | buffer: 0.8s | bitrate: 4500 kbps | tp: 28648 kbps | trace_bw: 28648 kbps
   t=175s | buffer: 0.1s | bitrate: 4500 kbps | tp: 28656 kbps | trace_bw: 28656 kbps
   t=185s | buffer: 0.1s | bitrate: 4500 kbps | tp: 28625 kbps | trace_bw: 28625 kbps
   t=196s | buffer: 0.1s | bitrate: 4500 kbps | tp: 28638 kbps | trace_bw: 28638 kbps
   t=206s | buffer: 2.2s | bitrate: 4500 kbps | tp: 28640 kbps | trace_bw: 28640 kbps
   t=216s | buffer: 3.8s | bitrate: 4500 kbps | tp: 28649 kbps | trace_bw: 28649 kbps
   t=227s | buffer: 0.1s | bitrate: 4500 kbps | tp: 28646 kbps | trace_bw: 28646 kbps
   t=237s | buffer: 2.7s | bitrate: 4500 kbps | tp: 28651 kbps | trace_bw: 28651 kbps
   t=247s | buffer: 0.1s | bitrate: 4500 kbps | tp: 28673 kbps | trace_bw: 28673 kbps
   t=257s | buffer: 1.1s | bitrate: 4500 kbps | tp: 28638 kbps | trace_bw: 28638 kbps
   t=267s | buffer: 0.1s | bitrate: 4500 kbps | tp: 28056 kbps | trace_bw: 28056 kbps
   t=278s | buffer: 0.1s | bitrate: 4500 kbps | tp: 28648 kbps | trace_bw: 28648 kbps
   t=288s | buffer: 2.7s | bitrate: 4500 kbps | tp: 28633 kbps | trace_bw: 28633 kbps
   t=298s | buffer: 0.1s | bitrate: 4500 kbps | tp: 28535 kbps | trace_bw: 28535 kbps
   t=309s | buffer: 2.8s | bitrate: 4500 kbps | tp: 28641 kbps | trace_bw: 28641 kbps
   t=319s | buffer: 0.1s | bitrate: 4500 kbps | tp: 28660 kbps | trace_bw: 28660 kbps
   t=329s | buffer: 2.8s | bitrate: 4500 kbps | tp: 28636 kbps | trace_bw: 28636 kbps
   t=340s | buffer: 0.1s | bitrate: 4500 kbps | tp: 28641 kbps | trace_bw: 28641 kbps
   t=350s | buffer: 2.8s | bitrate: 4500 kbps | tp: 28611 kbps | trace_bw: 28611 kbps
   t=360s | buffer: 3.2s | bitrate: 4500 kbps | tp: 28640 kbps | trace_bw: 28640 kbps
   t=371s | buffer: 0.1s | bitrate: 4500 kbps | tp: 28646 kbps | trace_bw: 28646 kbps
   t=381s | buffer: 0.8s | bitrate: 4500 kbps | tp: 28649 kbps | trace_bw: 28649 kbps
   t=391s | buffer: 2.7s | bitrate: 4500 kbps | tp: 28648 kbps | trace_bw: 28648 kbps
   t=402s | buffer: 3.8s | bitrate: 4500 kbps | tp: 28502 kbps | trace_bw: 28502 kbps
   t=412s | buffer: 0.1s | bitrate: 4500 kbps | tp: 28294 kbps | trace_bw: 28294 kbps
   t=422s | buffer: 0.1s | bitrate: 4500 kbps | tp: 28627 kbps | trace_bw: 28627 kbps
   t=433s | buffer: 0.1s | bitrate: 4500 kbps | tp: 28648 kbps | trace_bw: 28648 kbps
   t=443s | buffer: 3.2s | bitrate: 4500 kbps | tp: 28647 kbps | trace_bw: 28647 kbps
   t=453s | buffer: 0.1s | bitrate: 4500 kbps | tp: 28657 kbps | trace_bw: 28657 kbps
   t=464s | buffer: 0.1s | bitrate: 4500 kbps | tp: 28639 kbps | trace_bw: 28639 kbps
   t=474s | buffer: 0.1s | bitrate: 4500 kbps | tp: 26650 kbps | trace_bw: 26650 kbps
   t=485s | buffer: 0.1s | bitrate: 4500 kbps | tp: 28560 kbps | trace_bw: 28560 kbps
   t=495s | buffer: 0.1s | bitrate: 4500 kbps | tp: 28670 kbps | trace_bw: 28670 kbps
   t=506s | buffer: 0.1s | bitrate: 4500 kbps | tp: 28651 kbps | trace_bw: 28651 kbps
   t=516s | buffer: 0.1s | bitrate: 4500 kbps | tp: 28651 kbps | trace_bw: 28651 kbps
   t=526s | buffer: 1.3s | bitrate: 4500 kbps | tp: 28655 kbps | trace_bw: 28655 kbps
   t=537s | buffer: 1.3s | bitrate: 4500 kbps | tp: 28662 kbps | trace_bw: 28662 kbps
   t=547s | buffer: 0.1s | bitrate: 4500 kbps | tp: 28644 kbps | trace_bw: 28644 kbps
   t=557s | buffer: 3.8s | bitrate: 4500 kbps | tp: 28631 kbps | trace_bw: 28631 kbps
   t=568s | buffer: 0.1s | bitrate: 4500 kbps | tp: 28667 kbps | trace_bw: 28667 kbps
   t=578s | buffer: 3.8s | bitrate: 4500 kbps | tp: 28660 kbps | trace_bw: 28660 kbps
   t=589s | buffer: 0.6s | bitrate: 4500 kbps | tp: 28646 kbps | trace_bw: 28646 kbps
   t=599s | buffer: 0.1s | bitrate: 4500 kbps | tp: 28673 kbps | trace_bw: 28673 kbps
   t=609s | buffer: 0.1s | bitrate: 4500 kbps | tp: 28640 kbps | trace_bw: 28640 kbps
   t=619s | buffer: 1.7s | bitrate: 4500 kbps | tp: 28647 kbps | trace_bw: 28647 kbps
Error occurred in event listener
Traceback (most recent call last):
  File "/home/ajhunjh1/.local/lib/python3.8/site-packages/playwright/_impl/_helper.py", line 296, in handle
    return await self._handle_internal(route)
  File "/home/ajhunjh1/.local/lib/python3.8/site-packages/playwright/_impl/_helper.py", line 332, in _handle_internal
    await handler_finished_future
  File "/home/ajhunjh1/.local/lib/python3.8/site-packages/playwright/_impl/_helper.py", line 323, in _handler
    self.handler(route, route.request)  # type: ignore
  File "/home/ajhunjh1/.local/lib/python3.8/site-packages/playwright/_impl/_impl_to_api_mapping.py", line 123, in wrapper_func
    return handler(
  File "benchmark.py", line 473, in _patch_dash_html
    resp = route.fetch()
  File "/home/ajhunjh1/.local/lib/python3.8/site-packages/playwright/sync_api/_generated.py", line 804, in fetch
    self._sync(
  File "/home/ajhunjh1/.local/lib/python3.8/site-packages/playwright/_impl/_sync_base.py", line 115, in _sync
    return task.result()
  File "/home/ajhunjh1/.local/lib/python3.8/site-packages/playwright/_impl/_network.py", line 457, in fetch
    return await self._connection.wrap_api_call(
  File "/home/ajhunjh1/.local/lib/python3.8/site-packages/playwright/_impl/_connection.py", line 520, in wrap_api_call
    raise rewrite_error(error, f"{parsed_st['apiName']}: {error}") from None
playwright._impl._errors.TargetClosedError: Route.fetch: Target page, context or browser has been closed
Call log:
→ GET http://localhost:8081/chunk-stream9-00088.m4s
  -   user-agent: Mozilla/5.0 (X11; Linux x86_64) AppleWebKit/537.36 (KHTML, like Gecko) HeadlessChrome/112.0.5615.49 Safari/537.36
  -   accept: */*
  -   accept-encoding: gzip,deflate,br
  -   referer: http://localhost:8081/?mpd=http://localhost:8081/manifest.mpd
  -   sec-ch-ua: 
  -   sec-ch-ua-mobile: ?0
  -   sec-ch-ua-platform: ""


During handling of the above exception, another exception occurred:

Traceback (most recent call last):
  File "/home/ajhunjh1/.local/lib/python3.8/site-packages/playwright/_impl/_page.py", line 297, in _on_route
    handled = await route_handler.handle(route)
  File "/home/ajhunjh1/.local/lib/python3.8/site-packages/playwright/_impl/_helper.py", line 305, in handle
    raise rewrite_error(
playwright._impl._errors.TargetClosedError: "Route.fetch: Target page, context or browser has been closed
Call log:
→ GET http://localhost:8081/chunk-stream9-00088.m4s
  -   user-agent: Mozilla/5.0 (X11; Linux x86_64) AppleWebKit/537.36 (KHTML, like Gecko) HeadlessChrome/112.0.5615.49 Safari/537.36
  -   accept: */*
  -   accept-encoding: gzip,deflate,br
  -   referer: http://localhost:8081/?mpd=http://localhost:8081/manifest.mpd
  -   sec-ch-ua: 
  -   sec-ch-ua-mobile: ?0
  -   sec-ch-ua-platform: ""
" while running route callback.
Consider awaiting `page.unroute_all(behavior='ignoreErrors')`
before the end of the test to ignore remaining routes in flight.

======================================================================
  BENCHMARK RESULTS (LLDASH / dash.js / BOLA)
======================================================================

  [TIMING]
      Startup delay:     1,802 ms
      Playback time:     346.4 s

  [BITRATE]
      Average (selected):  4,412 kbps
      Average (effective): 2,438 kbps
      Min / Max:           100 / 4,500 kbps
      Median:              4,500 kbps
      Std deviation:       615.0 kbps
      Variance:            378,270.2
      25th/75th %ile:      4,500 / 4,500 kbps

  [SWITCHES]
      Total count:       1
      Up / Down:         1 / 0
      Avg magnitude:     4,400 kbps

  [REBUFFERING]
      Events:            87
      Total time:        280,587 ms
      Ratio:             44.7525%
      Frequency:         15.070 per minute
      Avg duration:      3,225 ms
      Max duration:      15,518 ms

  [THROUGHPUT]
      Average:           28,535 kbps
      Median:            28,647 kbps
      Min / Max:         26,220 / 28,678 kbps
      Std deviation:     380.4 kbps

  [AVAILABLE BW (trace)]
      Average:           28,535 kbps
      Min / Max:         26,220 / 28,678 kbps
      Utilisation:       100.4%

  [BUFFER]
      Average level:     1.2 s
      Min / Max:         0.1 / 4.0 s

  [UTILIZATION]
      Bandwidth:         15.4%

======================================================================

[SAVED] results/fcc2016_sept/benchmark_lldash_fcc2016_sept_unit925854_tc_20260416_205635.json

──────────────────────────────────────────────────────────────────────
  [10/10] fcc2016_sept_unit941754_tc.csv
──────────────────────────────────────────────────────────────────────
[TRACE] fcc2016_sept_unit941754_tc.csv
[LLDASH-SHAPER] Triggering tc-trace via /startShaping API...
[LLDASH-SHAPER] tc-trace.py starting in container

======================================================================
  LLDASH Streaming QoE Benchmark (dash.js / BOLA)
======================================================================
  Server: http://localhost:8081/?mpd=http://localhost:8081/manifest.mpd
======================================================================

[TRACE] Loaded 456 entries with bandwidth
[INFO] Auto-detected video duration 596s → max_duration=626s
[BROWSER] Launching headless Chromium...
[BROWSER] Waiting for playback to start...
   Startup delay: 1801ms

[PLAYBACK] Collecting metrics...
   t=10s | buffer: 2.6s | bitrate: 100 kbps | tp: 1675 kbps | trace_bw: 1675 kbps
   t=20s | buffer: 0.1s | bitrate: 4500 kbps | tp: 1687 kbps | trace_bw: 1687 kbps
   t=30s | buffer: 2.2s | bitrate: 4500 kbps | tp: 1631 kbps | trace_bw: 1631 kbps
   t=41s | buffer: 0.1s | bitrate: 4500 kbps | tp: 1633 kbps | trace_bw: 1633 kbps
   t=51s | buffer: 0.1s | bitrate: 4500 kbps | tp: 1704 kbps | trace_bw: 1704 kbps
   t=61s | buffer: 0.1s | bitrate: 4500 kbps | tp: 1697 kbps | trace_bw: 1697 kbps
   t=72s | buffer: 2.2s | bitrate: 4500 kbps | tp: 1695 kbps | trace_bw: 1695 kbps
   t=82s | buffer: 3.8s | bitrate: 4500 kbps | tp: 1669 kbps | trace_bw: 1669 kbps
   t=93s | buffer: 0.1s | bitrate: 4500 kbps | tp: 1521 kbps | trace_bw: 1521 kbps
   t=103s | buffer: 2.2s | bitrate: 4500 kbps | tp: 1692 kbps | trace_bw: 1692 kbps
   t=113s | buffer: 2.1s | bitrate: 4500 kbps | tp: 1714 kbps | trace_bw: 1714 kbps
   t=124s | buffer: 3.8s | bitrate: 4500 kbps | tp: 1743 kbps | trace_bw: 1743 kbps
   t=134s | buffer: 0.1s | bitrate: 4500 kbps | tp: 1684 kbps | trace_bw: 1684 kbps
   t=145s | buffer: 0.1s | bitrate: 4500 kbps | tp: 1703 kbps | trace_bw: 1703 kbps
   t=155s | buffer: 0.1s | bitrate: 4500 kbps | tp: 1336 kbps | trace_bw: 1336 kbps
   t=165s | buffer: 0.8s | bitrate: 4500 kbps | tp: 1724 kbps | trace_bw: 1724 kbps
   t=176s | buffer: 0.1s | bitrate: 4500 kbps | tp: 1706 kbps | trace_bw: 1706 kbps
   t=186s | buffer: 0.1s | bitrate: 4500 kbps | tp: 1623 kbps | trace_bw: 1623 kbps
   t=196s | buffer: 1.1s | bitrate: 4500 kbps | tp: 1696 kbps | trace_bw: 1696 kbps
   t=206s | buffer: 0.1s | bitrate: 4500 kbps | tp: 1463 kbps | trace_bw: 1463 kbps
   t=217s | buffer: 2.3s | bitrate: 4500 kbps | tp: 1704 kbps | trace_bw: 1704 kbps
   t=227s | buffer: 0.1s | bitrate: 4500 kbps | tp: 1680 kbps | trace_bw: 1680 kbps
   t=238s | buffer: 0.1s | bitrate: 4500 kbps | tp: 1695 kbps | trace_bw: 1695 kbps
   t=248s | buffer: 2.2s | bitrate: 4500 kbps | tp: 1694 kbps | trace_bw: 1694 kbps
   t=258s | buffer: 0.1s | bitrate: 4500 kbps | tp: 3418 kbps | trace_bw: 3418 kbps
   t=269s | buffer: 0.1s | bitrate: 4500 kbps | tp: 3422 kbps | trace_bw: 3422 kbps
   t=279s | buffer: 2.1s | bitrate: 4500 kbps | tp: 3401 kbps | trace_bw: 3401 kbps
   t=289s | buffer: 0.1s | bitrate: 4500 kbps | tp: 3416 kbps | trace_bw: 3416 kbps
   t=300s | buffer: 0.1s | bitrate: 4500 kbps | tp: 3415 kbps | trace_bw: 3415 kbps
   t=310s | buffer: 2.2s | bitrate: 4500 kbps | tp: 3414 kbps | trace_bw: 3414 kbps
   t=320s | buffer: 0.1s | bitrate: 4500 kbps | tp: 3435 kbps | trace_bw: 3435 kbps
   t=330s | buffer: 1.6s | bitrate: 4500 kbps | tp: 3370 kbps | trace_bw: 3370 kbps
   t=340s | buffer: 0.6s | bitrate: 4500 kbps | tp: 3363 kbps | trace_bw: 3363 kbps
   t=351s | buffer: 1.7s | bitrate: 4500 kbps | tp: 3362 kbps | trace_bw: 3362 kbps
   t=361s | buffer: 3.2s | bitrate: 4500 kbps | tp: 3354 kbps | trace_bw: 3354 kbps
   t=371s | buffer: 1.7s | bitrate: 4500 kbps | tp: 3424 kbps | trace_bw: 3424 kbps
   t=381s | buffer: 0.1s | bitrate: 4500 kbps | tp: 3416 kbps | trace_bw: 3416 kbps
   t=392s | buffer: 0.1s | bitrate: 4500 kbps | tp: 3408 kbps | trace_bw: 3408 kbps
   t=402s | buffer: 1.7s | bitrate: 4500 kbps | tp: 3421 kbps | trace_bw: 3421 kbps
   t=412s | buffer: 3.3s | bitrate: 4500 kbps | tp: 3398 kbps | trace_bw: 3398 kbps
   t=422s | buffer: 0.1s | bitrate: 4500 kbps | tp: 3403 kbps | trace_bw: 3403 kbps
   t=432s | buffer: 3.4s | bitrate: 4500 kbps | tp: 3416 kbps | trace_bw: 3416 kbps
   t=443s | buffer: 0.1s | bitrate: 4500 kbps | tp: 3413 kbps | trace_bw: 3413 kbps
   t=453s | buffer: 1.6s | bitrate: 4500 kbps | tp: 3401 kbps | trace_bw: 3401 kbps
   t=463s | buffer: 3.7s | bitrate: 4500 kbps | tp: 3409 kbps | trace_bw: 3409 kbps
   t=473s | buffer: 0.1s | bitrate: 4500 kbps | tp: 3424 kbps | trace_bw: 3424 kbps
   t=483s | buffer: 3.2s | bitrate: 4500 kbps | tp: 3373 kbps | trace_bw: 3373 kbps
   t=494s | buffer: 0.1s | bitrate: 4500 kbps | tp: 3351 kbps | trace_bw: 3351 kbps
   t=504s | buffer: 0.1s | bitrate: 4500 kbps | tp: 3342 kbps | trace_bw: 3342 kbps
   t=514s | buffer: 0.1s | bitrate: 4500 kbps | tp: 3414 kbps | trace_bw: 3414 kbps
   t=524s | buffer: 1.6s | bitrate: 4500 kbps | tp: 3365 kbps | trace_bw: 3365 kbps
   t=535s | buffer: 0.1s | bitrate: 4500 kbps | tp: 3416 kbps | trace_bw: 3416 kbps
   t=545s | buffer: 2.3s | bitrate: 4500 kbps | tp: 3284 kbps | trace_bw: 3284 kbps
   t=556s | buffer: 0.1s | bitrate: 4500 kbps | tp: 3431 kbps | trace_bw: 3431 kbps
   t=566s | buffer: 2.8s | bitrate: 4500 kbps | tp: 3415 kbps | trace_bw: 3415 kbps
   t=576s | buffer: 0.1s | bitrate: 4500 kbps | tp: 3408 kbps | trace_bw: 3408 kbps
   t=586s | buffer: 0.1s | bitrate: 4500 kbps | tp: 3417 kbps | trace_bw: 3417 kbps
   t=596s | buffer: 0.1s | bitrate: 4500 kbps | tp: 2799 kbps | trace_bw: 2799 kbps
   t=607s | buffer: 2.3s | bitrate: 4500 kbps | tp: 3415 kbps | trace_bw: 3415 kbps
   t=617s | buffer: 0.1s | bitrate: 4500 kbps | tp: 3416 kbps | trace_bw: 3416 kbps

======================================================================
  BENCHMARK RESULTS (LLDASH / dash.js / BOLA)
======================================================================

  [TIMING]
      Startup delay:     1,801 ms
      Playback time:     361.9 s

  [BITRATE]
      Average (selected):  4,381 kbps
      Average (effective): 2,529 kbps
      Min / Max:           100 / 4,500 kbps
      Median:              4,500 kbps
      Std deviation:       714.6 kbps
      Variance:            510,680.2
      25th/75th %ile:      4,500 / 4,500 kbps

  [SWITCHES]
      Total count:       1
      Up / Down:         1 / 0
      Avg magnitude:     4,400 kbps

  [REBUFFERING]
      Events:            91
      Total time:        264,955 ms
      Ratio:             42.2675%
      Frequency:         15.087 per minute
      Avg duration:      2,912 ms
      Max duration:      29,867 ms

  [THROUGHPUT]
      Average:           2,685 kbps
      Median:            3,364 kbps
      Min / Max:         1,336 / 3,444 kbps
      Std deviation:     847.3 kbps

  [AVAILABLE BW (trace)]
      Average:           2,685 kbps
      Min / Max:         1,336 / 3,444 kbps
      Utilisation:       125.3%

  [BUFFER]
      Average level:     1.2 s
      Min / Max:         0.1 / 4.0 s

  [UTILIZATION]
      Bandwidth:         130.2%

======================================================================

[SAVED] results/fcc2016_sept/benchmark_lldash_fcc2016_sept_unit941754_tc_20260416_210707.json

======================================================================
  BATCH COMPLETE: 10/10 succeeded
  Results saved to: results/fcc2016_sept/
======================================================================

