[TRACE] hsdpa_bus_ljansbakken_oslo_tc.csv
[SHAPER] Restarting...
[sudo] password for ajhunjh1: 

======================================================================
  LLDASH Streaming QoE Benchmark (dash.js / BOLA)
======================================================================
  Server: http://localhost:9081/?mpd=/manifest.mpd
======================================================================

[TRACE] Loaded 4445 entries with bandwidth
[BROWSER] Launching headless Chromium...
[BROWSER] Waiting for playback to start...
   Startup delay: 30283ms

[PLAYBACK] Collecting metrics...
   t=10s | buffer: 0.0s | bitrate: 0 kbps | trace_bw: 1182 kbps
   t=20s | buffer: 0.0s | bitrate: 0 kbps | trace_bw: 113 kbps
   t=31s | buffer: 0.0s | bitrate: 0 kbps | trace_bw: 2407 kbps
   t=41s | buffer: 0.0s | bitrate: 0 kbps | trace_bw: 2464 kbps
   t=51s | buffer: 0.0s | bitrate: 0 kbps | trace_bw: 2480 kbps

[ERROR] Benchmark failed: Page.evaluate: ReferenceError: bitrateHistory is not defined
    at eval (eval at evaluate (:234:30), <anonymous>:2:36)
    at UtilityScript.evaluate (<anonymous>:241:19)
    at UtilityScript.<anonymous> (<anonymous>:1:44)
Traceback (most recent call last):
  File "benchmark.py", line 1874, in <module>
    main()
  File "benchmark.py", line 1868, in main
    ok = run_single_benchmark(args.protocol, url, args.duration, output_path, dash_url=dash_url)
  File "benchmark.py", line 1704, in run_single_benchmark
    benchmark.run()
  File "benchmark.py", line 527, in run
    final = page.evaluate("""() => ({
  File "/home/ajhunjh1/.local/lib/python3.8/site-packages/playwright/sync_api/_generated.py", line 8514, in evaluate
    self._sync(
  File "/home/ajhunjh1/.local/lib/python3.8/site-packages/playwright/_impl/_sync_base.py", line 115, in _sync
    return task.result()
  File "/home/ajhunjh1/.local/lib/python3.8/site-packages/playwright/_impl/_page.py", line 469, in evaluate
    return await self._main_frame.evaluate(expression, arg)
  File "/home/ajhunjh1/.local/lib/python3.8/site-packages/playwright/_impl/_frame.py", line 278, in evaluate
    await self._channel.send(
  File "/home/ajhunjh1/.local/lib/python3.8/site-packages/playwright/_impl/_connection.py", line 59, in send
    return await self._connection.wrap_api_call(
  File "/home/ajhunjh1/.local/lib/python3.8/site-packages/playwright/_impl/_connection.py", line 520, in wrap_api_call
    raise rewrite_error(error, f"{parsed_st['apiName']}: {error}") from None
playwright._impl._errors.Error: Page.evaluate: ReferenceError: bitrateHistory is not defined
    at eval (eval at evaluate (:234:30), <anonymous>:2:36)
    at UtilityScript.evaluate (<anonymous>:241:19)
    at UtilityScript.<anonymous> (<anonymous>:1:44)
